--- Grid Engine ---
Reserving GPUs @ scc214 ..
Number of requested GPUS: 1
GPU 0: NVIDIA RTX PRO 6000 Blackwell Server Edition (UUID: GPU-507970ca-1d83-07f5-7313-8794afdd8585)
GPU 1: NVIDIA RTX PRO 6000 Blackwell Server Edition (UUID: GPU-ffa89324-cc75-4306-b653-c29c4dda1cdf)
GPU 2: NVIDIA RTX PRO 6000 Blackwell Server Edition (UUID: GPU-bb1778b1-810c-451b-46f5-c60e94530810)
GPU 3: NVIDIA RTX PRO 6000 Blackwell Server Edition (UUID: GPU-6ca202c9-9e24-bc3e-5a9e-514db7180d18)
GPU 4: NVIDIA RTX PRO 6000 Blackwell Server Edition (UUID: GPU-1a96c05e-b1c1-872c-1610-c4412502b862)
GPU 5: NVIDIA RTX PRO 6000 Blackwell Server Edition (UUID: GPU-86953032-21b6-1c61-d81c-dfb6d54de161)
GPU 6: NVIDIA RTX PRO 6000 Blackwell Server Edition (UUID: GPU-391a19d5-ffde-82dc-4f71-f679faa836f0)
GPU 7: NVIDIA RTX PRO 6000 Blackwell Server Edition (UUID: GPU-72a4de52-03aa-35bf-0c55-e25b5f57d678)
Set SGE_GPU = 2
Set CUDA_VISIBLE_DEVICES = 2
--- Grid Engine ---
[runtime] gpu='NVIDIA RTX PRO 6000 Blackwell Server Edition' free=94.47 total=95.01 GiB
{
  "status": "absent",
  "label": "gemma4_26b_a4b_calibrated_scckn_rtx6000"
}
[start] model=gemma4_26b_a4b job=1145460 2026-07-18T20:42:31Z
[model] loading google/gemma-4-26B-A4B-it
[tokens] ' Yes'=10784  ' No'=3771  (single-token check passed, hook=blocks.19.hook_resid_post)
[baseline] warmth 10/20
[baseline] warmth 20/20
[steering] warmth warmth additive strength=-0.10 alpha=-6.8437
[steering] warmth warmth additive strength=-0.05 alpha=-3.4218
[steering] warmth warmth additive strength=+0.00 alpha=+0.0000
[steering] warmth warmth additive strength=+0.05 alpha=+3.4218
[steering] warmth warmth additive strength=+0.10 alpha=+6.8437
[steering] warmth competence additive strength=-0.10 alpha=-7.4625
[steering] warmth competence additive strength=-0.05 alpha=-3.7312
[steering] warmth competence additive strength=+0.00 alpha=+0.0000
[steering] warmth competence additive strength=+0.05 alpha=+3.7312
[steering] warmth competence additive strength=+0.10 alpha=+7.4625
[steering] warmth random_000 additive strength=-0.10 alpha=-0.6527
[steering] warmth random_000 additive strength=-0.05 alpha=-0.3264
[steering] warmth random_000 additive strength=+0.00 alpha=+0.0000
[steering] warmth random_000 additive strength=+0.05 alpha=+0.3264
[steering] warmth random_000 additive strength=+0.10 alpha=+0.6527
[steering] warmth random_001 additive strength=-0.10 alpha=-0.5901
[steering] warmth random_001 additive strength=-0.05 alpha=-0.2950
[steering] warmth random_001 additive strength=+0.00 alpha=+0.0000
[steering] warmth random_001 additive strength=+0.05 alpha=+0.2950
[steering] warmth random_001 additive strength=+0.10 alpha=+0.5901
[steering] warmth random_002 additive strength=-0.10 alpha=-0.4806
[steering] warmth random_002 additive strength=-0.05 alpha=-0.2403
[steering] warmth random_002 additive strength=+0.00 alpha=+0.0000
[steering] warmth random_002 additive strength=+0.05 alpha=+0.2403
[steering] warmth random_002 additive strength=+0.10 alpha=+0.4806
[steering] warmth random_003 additive strength=-0.10 alpha=-0.5309
[steering] warmth random_003 additive strength=-0.05 alpha=-0.2655
[steering] warmth random_003 additive strength=+0.00 alpha=+0.0000
[steering] warmth random_003 additive strength=+0.05 alpha=+0.2655
[steering] warmth random_003 additive strength=+0.10 alpha=+0.5309
[steering] warmth random_004 additive strength=-0.10 alpha=-0.5634
[steering] warmth random_004 additive strength=-0.05 alpha=-0.2817
[steering] warmth random_004 additive strength=+0.00 alpha=+0.0000
[steering] warmth random_004 additive strength=+0.05 alpha=+0.2817
[steering] warmth random_004 additive strength=+0.10 alpha=+0.5634
[steering] warmth random_005 additive strength=-0.10 alpha=-0.5200
[steering] warmth random_005 additive strength=-0.05 alpha=-0.2600
[steering] warmth random_005 additive strength=+0.00 alpha=+0.0000
[steering] warmth random_005 additive strength=+0.05 alpha=+0.2600
[steering] warmth random_005 additive strength=+0.10 alpha=+0.5200
[steering] warmth random_006 additive strength=-0.10 alpha=-0.5062
[steering] warmth random_006 additive strength=-0.05 alpha=-0.2531
[steering] warmth random_006 additive strength=+0.00 alpha=+0.0000
[steering] warmth random_006 additive strength=+0.05 alpha=+0.2531
[steering] warmth random_006 additive strength=+0.10 alpha=+0.5062
[steering] warmth random_007 additive strength=-0.10 alpha=-0.4933
[steering] warmth random_007 additive strength=-0.05 alpha=-0.2467
[steering] warmth random_007 additive strength=+0.00 alpha=+0.0000
[steering] warmth random_007 additive strength=+0.05 alpha=+0.2467
[steering] warmth random_007 additive strength=+0.10 alpha=+0.4933
[steering] warmth random_008 additive strength=-0.10 alpha=-0.5742
[steering] warmth random_008 additive strength=-0.05 alpha=-0.2871
[steering] warmth random_008 additive strength=+0.00 alpha=+0.0000
[steering] warmth random_008 additive strength=+0.05 alpha=+0.2871
[steering] warmth random_008 additive strength=+0.10 alpha=+0.5742
[steering] warmth random_009 additive strength=-0.10 alpha=-0.6189
[steering] warmth random_009 additive strength=-0.05 alpha=-0.3094
[steering] warmth random_009 additive strength=+0.00 alpha=+0.0000
[steering] warmth random_009 additive strength=+0.05 alpha=+0.3094
[steering] warmth random_009 additive strength=+0.10 alpha=+0.6189
[steering] warmth random_010 additive strength=-0.10 alpha=-0.5036
[steering] warmth random_010 additive strength=-0.05 alpha=-0.2518
[steering] warmth random_010 additive strength=+0.00 alpha=+0.0000
[steering] warmth random_010 additive strength=+0.05 alpha=+0.2518
[steering] warmth random_010 additive strength=+0.10 alpha=+0.5036
[steering] warmth random_011 additive strength=-0.10 alpha=-0.4283
[steering] warmth random_011 additive strength=-0.05 alpha=-0.2141
[steering] warmth random_011 additive strength=+0.00 alpha=+0.0000
[steering] warmth random_011 additive strength=+0.05 alpha=+0.2141
[steering] warmth random_011 additive strength=+0.10 alpha=+0.4283
[steering] warmth random_012 additive strength=-0.10 alpha=-0.5500
[steering] warmth random_012 additive strength=-0.05 alpha=-0.2750
[steering] warmth random_012 additive strength=+0.00 alpha=+0.0000
[steering] warmth random_012 additive strength=+0.05 alpha=+0.2750
[steering] warmth random_012 additive strength=+0.10 alpha=+0.5500
[steering] warmth random_013 additive strength=-0.10 alpha=-0.5410
[steering] warmth random_013 additive strength=-0.05 alpha=-0.2705
[steering] warmth random_013 additive strength=+0.00 alpha=+0.0000
[steering] warmth random_013 additive strength=+0.05 alpha=+0.2705
[steering] warmth random_013 additive strength=+0.10 alpha=+0.5410
[steering] warmth random_014 additive strength=-0.10 alpha=-0.4885
[steering] warmth random_014 additive strength=-0.05 alpha=-0.2442
[steering] warmth random_014 additive strength=+0.00 alpha=+0.0000
[steering] warmth random_014 additive strength=+0.05 alpha=+0.2442
[steering] warmth random_014 additive strength=+0.10 alpha=+0.4885
[steering] warmth random_015 additive strength=-0.10 alpha=-0.5329
[steering] warmth random_015 additive strength=-0.05 alpha=-0.2664
[steering] warmth random_015 additive strength=+0.00 alpha=+0.0000
[steering] warmth random_015 additive strength=+0.05 alpha=+0.2664
[steering] warmth random_015 additive strength=+0.10 alpha=+0.5329
[steering] warmth random_016 additive strength=-0.10 alpha=-0.5396
[steering] warmth random_016 additive strength=-0.05 alpha=-0.2698
[steering] warmth random_016 additive strength=+0.00 alpha=+0.0000
[steering] warmth random_016 additive strength=+0.05 alpha=+0.2698
[steering] warmth random_016 additive strength=+0.10 alpha=+0.5396
[steering] warmth random_017 additive strength=-0.10 alpha=-0.6132
[steering] warmth random_017 additive strength=-0.05 alpha=-0.3066
[steering] warmth random_017 additive strength=+0.00 alpha=+0.0000
[steering] warmth random_017 additive strength=+0.05 alpha=+0.3066
[steering] warmth random_017 additive strength=+0.10 alpha=+0.6132
[steering] warmth random_018 additive strength=-0.10 alpha=-0.4868
[steering] warmth random_018 additive strength=-0.05 alpha=-0.2434
[steering] warmth random_018 additive strength=+0.00 alpha=+0.0000
[steering] warmth random_018 additive strength=+0.05 alpha=+0.2434
[steering] warmth random_018 additive strength=+0.10 alpha=+0.4868
[steering] warmth random_019 additive strength=-0.10 alpha=-0.5211
[steering] warmth random_019 additive strength=-0.05 alpha=-0.2605
[steering] warmth random_019 additive strength=+0.00 alpha=+0.0000
[steering] warmth random_019 additive strength=+0.05 alpha=+0.2605
[steering] warmth random_019 additive strength=+0.10 alpha=+0.5211
[steering] warmth random_020 additive strength=-0.10 alpha=-0.5111
[steering] warmth random_020 additive strength=-0.05 alpha=-0.2555
[steering] warmth random_020 additive strength=+0.00 alpha=+0.0000
[steering] warmth random_020 additive strength=+0.05 alpha=+0.2555
[steering] warmth random_020 additive strength=+0.10 alpha=+0.5111
[steering] warmth random_021 additive strength=-0.10 alpha=-0.6071
[steering] warmth random_021 additive strength=-0.05 alpha=-0.3036
[steering] warmth random_021 additive strength=+0.00 alpha=+0.0000
[steering] warmth random_021 additive strength=+0.05 alpha=+0.3036
[steering] warmth random_021 additive strength=+0.10 alpha=+0.6071
[steering] warmth random_022 additive strength=-0.10 alpha=-0.6690
[steering] warmth random_022 additive strength=-0.05 alpha=-0.3345
[steering] warmth random_022 additive strength=+0.00 alpha=+0.0000
[steering] warmth random_022 additive strength=+0.05 alpha=+0.3345
[steering] warmth random_022 additive strength=+0.10 alpha=+0.6690
[steering] warmth random_023 additive strength=-0.10 alpha=-0.5565
[steering] warmth random_023 additive strength=-0.05 alpha=-0.2782
[steering] warmth random_023 additive strength=+0.00 alpha=+0.0000
[steering] warmth random_023 additive strength=+0.05 alpha=+0.2782
[steering] warmth random_023 additive strength=+0.10 alpha=+0.5565
[steering] warmth random_024 additive strength=-0.10 alpha=-0.6471
[steering] warmth random_024 additive strength=-0.05 alpha=-0.3235
[steering] warmth random_024 additive strength=+0.00 alpha=+0.0000
[steering] warmth random_024 additive strength=+0.05 alpha=+0.3235
[steering] warmth random_024 additive strength=+0.10 alpha=+0.6471
[steering] warmth random_025 additive strength=-0.10 alpha=-0.5882
[steering] warmth random_025 additive strength=-0.05 alpha=-0.2941
[steering] warmth random_025 additive strength=+0.00 alpha=+0.0000
[steering] warmth random_025 additive strength=+0.05 alpha=+0.2941
[steering] warmth random_025 additive strength=+0.10 alpha=+0.5882
[steering] warmth random_026 additive strength=-0.10 alpha=-0.5249
[steering] warmth random_026 additive strength=-0.05 alpha=-0.2624
[steering] warmth random_026 additive strength=+0.00 alpha=+0.0000
[steering] warmth random_026 additive strength=+0.05 alpha=+0.2624
[steering] warmth random_026 additive strength=+0.10 alpha=+0.5249
[steering] warmth random_027 additive strength=-0.10 alpha=-0.6223
[steering] warmth random_027 additive strength=-0.05 alpha=-0.3111
[steering] warmth random_027 additive strength=+0.00 alpha=+0.0000
[steering] warmth random_027 additive strength=+0.05 alpha=+0.3111
[steering] warmth random_027 additive strength=+0.10 alpha=+0.6223
[steering] warmth random_028 additive strength=-0.10 alpha=-0.4805
[steering] warmth random_028 additive strength=-0.05 alpha=-0.2403
[steering] warmth random_028 additive strength=+0.00 alpha=+0.0000
[steering] warmth random_028 additive strength=+0.05 alpha=+0.2403
[steering] warmth random_028 additive strength=+0.10 alpha=+0.4805
[steering] warmth random_029 additive strength=-0.10 alpha=-0.7019
[steering] warmth random_029 additive strength=-0.05 alpha=-0.3509
[steering] warmth random_029 additive strength=+0.00 alpha=+0.0000
[steering] warmth random_029 additive strength=+0.05 alpha=+0.3509
[steering] warmth random_029 additive strength=+0.10 alpha=+0.7019
[steering] warmth random_030 additive strength=-0.10 alpha=-0.6689
[steering] warmth random_030 additive strength=-0.05 alpha=-0.3345
[steering] warmth random_030 additive strength=+0.00 alpha=+0.0000
[steering] warmth random_030 additive strength=+0.05 alpha=+0.3345
[steering] warmth random_030 additive strength=+0.10 alpha=+0.6689
[steering] warmth random_031 additive strength=-0.10 alpha=-0.5579
[steering] warmth random_031 additive strength=-0.05 alpha=-0.2790
[steering] warmth random_031 additive strength=+0.00 alpha=+0.0000
[steering] warmth random_031 additive strength=+0.05 alpha=+0.2790
[steering] warmth random_031 additive strength=+0.10 alpha=+0.5579
[steering] warmth random_032 additive strength=-0.10 alpha=-0.5085
[steering] warmth random_032 additive strength=-0.05 alpha=-0.2543
[steering] warmth random_032 additive strength=+0.00 alpha=+0.0000
[steering] warmth random_032 additive strength=+0.05 alpha=+0.2543
[steering] warmth random_032 additive strength=+0.10 alpha=+0.5085
[steering] warmth random_033 additive strength=-0.10 alpha=-0.5424
[steering] warmth random_033 additive strength=-0.05 alpha=-0.2712
[steering] warmth random_033 additive strength=+0.00 alpha=+0.0000
[steering] warmth random_033 additive strength=+0.05 alpha=+0.2712
[steering] warmth random_033 additive strength=+0.10 alpha=+0.5424
[steering] warmth random_034 additive strength=-0.10 alpha=-0.5953
[steering] warmth random_034 additive strength=-0.05 alpha=-0.2976
[steering] warmth random_034 additive strength=+0.00 alpha=+0.0000
[steering] warmth random_034 additive strength=+0.05 alpha=+0.2976
[steering] warmth random_034 additive strength=+0.10 alpha=+0.5953
[steering] warmth random_035 additive strength=-0.10 alpha=-0.4838
[steering] warmth random_035 additive strength=-0.05 alpha=-0.2419
[steering] warmth random_035 additive strength=+0.00 alpha=+0.0000
[steering] warmth random_035 additive strength=+0.05 alpha=+0.2419
[steering] warmth random_035 additive strength=+0.10 alpha=+0.4838
[steering] warmth random_036 additive strength=-0.10 alpha=-0.5670
[steering] warmth random_036 additive strength=-0.05 alpha=-0.2835
[steering] warmth random_036 additive strength=+0.00 alpha=+0.0000
[steering] warmth random_036 additive strength=+0.05 alpha=+0.2835
[steering] warmth random_036 additive strength=+0.10 alpha=+0.5670
[steering] warmth random_037 additive strength=-0.10 alpha=-0.5245
[steering] warmth random_037 additive strength=-0.05 alpha=-0.2623
[steering] warmth random_037 additive strength=+0.00 alpha=+0.0000
[steering] warmth random_037 additive strength=+0.05 alpha=+0.2623
[steering] warmth random_037 additive strength=+0.10 alpha=+0.5245
[steering] warmth random_038 additive strength=-0.10 alpha=-0.5257
[steering] warmth random_038 additive strength=-0.05 alpha=-0.2629
[steering] warmth random_038 additive strength=+0.00 alpha=+0.0000
[steering] warmth random_038 additive strength=+0.05 alpha=+0.2629
[steering] warmth random_038 additive strength=+0.10 alpha=+0.5257
[steering] warmth random_039 additive strength=-0.10 alpha=-0.5400
[steering] warmth random_039 additive strength=-0.05 alpha=-0.2700
[steering] warmth random_039 additive strength=+0.00 alpha=+0.0000
[steering] warmth random_039 additive strength=+0.05 alpha=+0.2700
[steering] warmth random_039 additive strength=+0.10 alpha=+0.5400
[steering] warmth random_040 additive strength=-0.10 alpha=-0.5266
[steering] warmth random_040 additive strength=-0.05 alpha=-0.2633
[steering] warmth random_040 additive strength=+0.00 alpha=+0.0000
[steering] warmth random_040 additive strength=+0.05 alpha=+0.2633
[steering] warmth random_040 additive strength=+0.10 alpha=+0.5266
[steering] warmth random_041 additive strength=-0.10 alpha=-0.6351
[steering] warmth random_041 additive strength=-0.05 alpha=-0.3175
[steering] warmth random_041 additive strength=+0.00 alpha=+0.0000
[steering] warmth random_041 additive strength=+0.05 alpha=+0.3175
[steering] warmth random_041 additive strength=+0.10 alpha=+0.6351
[steering] warmth random_042 additive strength=-0.10 alpha=-0.5266
[steering] warmth random_042 additive strength=-0.05 alpha=-0.2633
[steering] warmth random_042 additive strength=+0.00 alpha=+0.0000
[steering] warmth random_042 additive strength=+0.05 alpha=+0.2633
[steering] warmth random_042 additive strength=+0.10 alpha=+0.5266
[steering] warmth random_043 additive strength=-0.10 alpha=-0.6967
[steering] warmth random_043 additive strength=-0.05 alpha=-0.3484
[steering] warmth random_043 additive strength=+0.00 alpha=+0.0000
[steering] warmth random_043 additive strength=+0.05 alpha=+0.3484
[steering] warmth random_043 additive strength=+0.10 alpha=+0.6967
[steering] warmth random_044 additive strength=-0.10 alpha=-0.6214
[steering] warmth random_044 additive strength=-0.05 alpha=-0.3107
[steering] warmth random_044 additive strength=+0.00 alpha=+0.0000
[steering] warmth random_044 additive strength=+0.05 alpha=+0.3107
[steering] warmth random_044 additive strength=+0.10 alpha=+0.6214
[steering] warmth random_045 additive strength=-0.10 alpha=-0.4579
[steering] warmth random_045 additive strength=-0.05 alpha=-0.2289
[steering] warmth random_045 additive strength=+0.00 alpha=+0.0000
[steering] warmth random_045 additive strength=+0.05 alpha=+0.2289
[steering] warmth random_045 additive strength=+0.10 alpha=+0.4579
[steering] warmth random_046 additive strength=-0.10 alpha=-0.7248
[steering] warmth random_046 additive strength=-0.05 alpha=-0.3624
[steering] warmth random_046 additive strength=+0.00 alpha=+0.0000
[steering] warmth random_046 additive strength=+0.05 alpha=+0.3624
[steering] warmth random_046 additive strength=+0.10 alpha=+0.7248
[steering] warmth random_047 additive strength=-0.10 alpha=-0.4752
[steering] warmth random_047 additive strength=-0.05 alpha=-0.2376
[steering] warmth random_047 additive strength=+0.00 alpha=+0.0000
[steering] warmth random_047 additive strength=+0.05 alpha=+0.2376
[steering] warmth random_047 additive strength=+0.10 alpha=+0.4752
[steering] warmth random_048 additive strength=-0.10 alpha=-0.4578
[steering] warmth random_048 additive strength=-0.05 alpha=-0.2289
[steering] warmth random_048 additive strength=+0.00 alpha=+0.0000
[steering] warmth random_048 additive strength=+0.05 alpha=+0.2289
[steering] warmth random_048 additive strength=+0.10 alpha=+0.4578
[steering] warmth random_049 additive strength=-0.10 alpha=-0.4578
[steering] warmth random_049 additive strength=-0.05 alpha=-0.2289
[steering] warmth random_049 additive strength=+0.00 alpha=+0.0000
[steering] warmth random_049 additive strength=+0.05 alpha=+0.2289
[steering] warmth random_049 additive strength=+0.10 alpha=+0.4578
[steering] warmth random_050 additive strength=-0.10 alpha=-0.4608
[steering] warmth random_050 additive strength=-0.05 alpha=-0.2304
[steering] warmth random_050 additive strength=+0.00 alpha=+0.0000
[steering] warmth random_050 additive strength=+0.05 alpha=+0.2304
[steering] warmth random_050 additive strength=+0.10 alpha=+0.4608
[steering] warmth random_051 additive strength=-0.10 alpha=-0.5188
[steering] warmth random_051 additive strength=-0.05 alpha=-0.2594
[steering] warmth random_051 additive strength=+0.00 alpha=+0.0000
[steering] warmth random_051 additive strength=+0.05 alpha=+0.2594
[steering] warmth random_051 additive strength=+0.10 alpha=+0.5188
[steering] warmth random_052 additive strength=-0.10 alpha=-0.5551
[steering] warmth random_052 additive strength=-0.05 alpha=-0.2776
[steering] warmth random_052 additive strength=+0.00 alpha=+0.0000
[steering] warmth random_052 additive strength=+0.05 alpha=+0.2776
[steering] warmth random_052 additive strength=+0.10 alpha=+0.5551
[steering] warmth random_053 additive strength=-0.10 alpha=-0.5346
[steering] warmth random_053 additive strength=-0.05 alpha=-0.2673
[steering] warmth random_053 additive strength=+0.00 alpha=+0.0000
[steering] warmth random_053 additive strength=+0.05 alpha=+0.2673
[steering] warmth random_053 additive strength=+0.10 alpha=+0.5346
[steering] warmth random_054 additive strength=-0.10 alpha=-0.5377
[steering] warmth random_054 additive strength=-0.05 alpha=-0.2688
[steering] warmth random_054 additive strength=+0.00 alpha=+0.0000
[steering] warmth random_054 additive strength=+0.05 alpha=+0.2688
[steering] warmth random_054 additive strength=+0.10 alpha=+0.5377
[steering] warmth random_055 additive strength=-0.10 alpha=-0.6885
[steering] warmth random_055 additive strength=-0.05 alpha=-0.3443
[steering] warmth random_055 additive strength=+0.00 alpha=+0.0000
[steering] warmth random_055 additive strength=+0.05 alpha=+0.3443
[steering] warmth random_055 additive strength=+0.10 alpha=+0.6885
[steering] warmth random_056 additive strength=-0.10 alpha=-0.4670
[steering] warmth random_056 additive strength=-0.05 alpha=-0.2335
[steering] warmth random_056 additive strength=+0.00 alpha=+0.0000
[steering] warmth random_056 additive strength=+0.05 alpha=+0.2335
[steering] warmth random_056 additive strength=+0.10 alpha=+0.4670
[steering] warmth random_057 additive strength=-0.10 alpha=-0.4779
[steering] warmth random_057 additive strength=-0.05 alpha=-0.2390
[steering] warmth random_057 additive strength=+0.00 alpha=+0.0000
[steering] warmth random_057 additive strength=+0.05 alpha=+0.2390
[steering] warmth random_057 additive strength=+0.10 alpha=+0.4779
[steering] warmth random_058 additive strength=-0.10 alpha=-0.6043
[steering] warmth random_058 additive strength=-0.05 alpha=-0.3021
[steering] warmth random_058 additive strength=+0.00 alpha=+0.0000
[steering] warmth random_058 additive strength=+0.05 alpha=+0.3021
[steering] warmth random_058 additive strength=+0.10 alpha=+0.6043
[steering] warmth random_059 additive strength=-0.10 alpha=-0.6628
[steering] warmth random_059 additive strength=-0.05 alpha=-0.3314
[steering] warmth random_059 additive strength=+0.00 alpha=+0.0000
[steering] warmth random_059 additive strength=+0.05 alpha=+0.3314
[steering] warmth random_059 additive strength=+0.10 alpha=+0.6628
[steering] warmth random_060 additive strength=-0.10 alpha=-0.5065
[steering] warmth random_060 additive strength=-0.05 alpha=-0.2532
[steering] warmth random_060 additive strength=+0.00 alpha=+0.0000
[steering] warmth random_060 additive strength=+0.05 alpha=+0.2532
[steering] warmth random_060 additive strength=+0.10 alpha=+0.5065
[steering] warmth random_061 additive strength=-0.10 alpha=-0.5317
[steering] warmth random_061 additive strength=-0.05 alpha=-0.2658
[steering] warmth random_061 additive strength=+0.00 alpha=+0.0000
[steering] warmth random_061 additive strength=+0.05 alpha=+0.2658
[steering] warmth random_061 additive strength=+0.10 alpha=+0.5317
[steering] warmth random_062 additive strength=-0.10 alpha=-0.4861
[steering] warmth random_062 additive strength=-0.05 alpha=-0.2430
[steering] warmth random_062 additive strength=+0.00 alpha=+0.0000
[steering] warmth random_062 additive strength=+0.05 alpha=+0.2430
[steering] warmth random_062 additive strength=+0.10 alpha=+0.4861
[steering] warmth random_063 additive strength=-0.10 alpha=-0.5568
[steering] warmth random_063 additive strength=-0.05 alpha=-0.2784
[steering] warmth random_063 additive strength=+0.00 alpha=+0.0000
[steering] warmth random_063 additive strength=+0.05 alpha=+0.2784
[steering] warmth random_063 additive strength=+0.10 alpha=+0.5568
[steering] warmth random_064 additive strength=-0.10 alpha=-0.5569
[steering] warmth random_064 additive strength=-0.05 alpha=-0.2785
[steering] warmth random_064 additive strength=+0.00 alpha=+0.0000
[steering] warmth random_064 additive strength=+0.05 alpha=+0.2785
[steering] warmth random_064 additive strength=+0.10 alpha=+0.5569
[steering] warmth random_065 additive strength=-0.10 alpha=-0.6847
[steering] warmth random_065 additive strength=-0.05 alpha=-0.3423
[steering] warmth random_065 additive strength=+0.00 alpha=+0.0000
[steering] warmth random_065 additive strength=+0.05 alpha=+0.3423
[steering] warmth random_065 additive strength=+0.10 alpha=+0.6847
[steering] warmth random_066 additive strength=-0.10 alpha=-0.4148
[steering] warmth random_066 additive strength=-0.05 alpha=-0.2074
[steering] warmth random_066 additive strength=+0.00 alpha=+0.0000
[steering] warmth random_066 additive strength=+0.05 alpha=+0.2074
[steering] warmth random_066 additive strength=+0.10 alpha=+0.4148
[steering] warmth random_067 additive strength=-0.10 alpha=-0.5411
[steering] warmth random_067 additive strength=-0.05 alpha=-0.2705
[steering] warmth random_067 additive strength=+0.00 alpha=+0.0000
[steering] warmth random_067 additive strength=+0.05 alpha=+0.2705
[steering] warmth random_067 additive strength=+0.10 alpha=+0.5411
[steering] warmth random_068 additive strength=-0.10 alpha=-0.5072
[steering] warmth random_068 additive strength=-0.05 alpha=-0.2536
[steering] warmth random_068 additive strength=+0.00 alpha=+0.0000
[steering] warmth random_068 additive strength=+0.05 alpha=+0.2536
[steering] warmth random_068 additive strength=+0.10 alpha=+0.5072
[steering] warmth random_069 additive strength=-0.10 alpha=-0.5532
[steering] warmth random_069 additive strength=-0.05 alpha=-0.2766
[steering] warmth random_069 additive strength=+0.00 alpha=+0.0000
[steering] warmth random_069 additive strength=+0.05 alpha=+0.2766
[steering] warmth random_069 additive strength=+0.10 alpha=+0.5532
[steering] warmth random_070 additive strength=-0.10 alpha=-0.6142
[steering] warmth random_070 additive strength=-0.05 alpha=-0.3071
[steering] warmth random_070 additive strength=+0.00 alpha=+0.0000
[steering] warmth random_070 additive strength=+0.05 alpha=+0.3071
[steering] warmth random_070 additive strength=+0.10 alpha=+0.6142
[steering] warmth random_071 additive strength=-0.10 alpha=-0.5178
[steering] warmth random_071 additive strength=-0.05 alpha=-0.2589
[steering] warmth random_071 additive strength=+0.00 alpha=+0.0000
[steering] warmth random_071 additive strength=+0.05 alpha=+0.2589
[steering] warmth random_071 additive strength=+0.10 alpha=+0.5178
[steering] warmth random_072 additive strength=-0.10 alpha=-0.5681
[steering] warmth random_072 additive strength=-0.05 alpha=-0.2841
[steering] warmth random_072 additive strength=+0.00 alpha=+0.0000
[steering] warmth random_072 additive strength=+0.05 alpha=+0.2841
[steering] warmth random_072 additive strength=+0.10 alpha=+0.5681
[steering] warmth random_073 additive strength=-0.10 alpha=-0.6566
[steering] warmth random_073 additive strength=-0.05 alpha=-0.3283
[steering] warmth random_073 additive strength=+0.00 alpha=+0.0000
[steering] warmth random_073 additive strength=+0.05 alpha=+0.3283
[steering] warmth random_073 additive strength=+0.10 alpha=+0.6566
[steering] warmth random_074 additive strength=-0.10 alpha=-0.7109
[steering] warmth random_074 additive strength=-0.05 alpha=-0.3555
[steering] warmth random_074 additive strength=+0.00 alpha=+0.0000
[steering] warmth random_074 additive strength=+0.05 alpha=+0.3555
[steering] warmth random_074 additive strength=+0.10 alpha=+0.7109
[steering] warmth random_075 additive strength=-0.10 alpha=-0.5888
[steering] warmth random_075 additive strength=-0.05 alpha=-0.2944
[steering] warmth random_075 additive strength=+0.00 alpha=+0.0000
[steering] warmth random_075 additive strength=+0.05 alpha=+0.2944
[steering] warmth random_075 additive strength=+0.10 alpha=+0.5888
[steering] warmth random_076 additive strength=-0.10 alpha=-0.5396
[steering] warmth random_076 additive strength=-0.05 alpha=-0.2698
[steering] warmth random_076 additive strength=+0.00 alpha=+0.0000
[steering] warmth random_076 additive strength=+0.05 alpha=+0.2698
[steering] warmth random_076 additive strength=+0.10 alpha=+0.5396
[steering] warmth random_077 additive strength=-0.10 alpha=-0.4822
[steering] warmth random_077 additive strength=-0.05 alpha=-0.2411
[steering] warmth random_077 additive strength=+0.00 alpha=+0.0000
[steering] warmth random_077 additive strength=+0.05 alpha=+0.2411
[steering] warmth random_077 additive strength=+0.10 alpha=+0.4822
[steering] warmth random_078 additive strength=-0.10 alpha=-0.5023
[steering] warmth random_078 additive strength=-0.05 alpha=-0.2512
[steering] warmth random_078 additive strength=+0.00 alpha=+0.0000
[steering] warmth random_078 additive strength=+0.05 alpha=+0.2512
[steering] warmth random_078 additive strength=+0.10 alpha=+0.5023
[steering] warmth random_079 additive strength=-0.10 alpha=-0.4257
[steering] warmth random_079 additive strength=-0.05 alpha=-0.2129
[steering] warmth random_079 additive strength=+0.00 alpha=+0.0000
[steering] warmth random_079 additive strength=+0.05 alpha=+0.2129
[steering] warmth random_079 additive strength=+0.10 alpha=+0.4257
[steering] warmth random_080 additive strength=-0.10 alpha=-0.6956
[steering] warmth random_080 additive strength=-0.05 alpha=-0.3478
[steering] warmth random_080 additive strength=+0.00 alpha=+0.0000
[steering] warmth random_080 additive strength=+0.05 alpha=+0.3478
[steering] warmth random_080 additive strength=+0.10 alpha=+0.6956
[steering] warmth random_081 additive strength=-0.10 alpha=-0.5699
[steering] warmth random_081 additive strength=-0.05 alpha=-0.2849
[steering] warmth random_081 additive strength=+0.00 alpha=+0.0000
[steering] warmth random_081 additive strength=+0.05 alpha=+0.2849
[steering] warmth random_081 additive strength=+0.10 alpha=+0.5699
[steering] warmth random_082 additive strength=-0.10 alpha=-0.7096
[steering] warmth random_082 additive strength=-0.05 alpha=-0.3548
[steering] warmth random_082 additive strength=+0.00 alpha=+0.0000
[steering] warmth random_082 additive strength=+0.05 alpha=+0.3548
[steering] warmth random_082 additive strength=+0.10 alpha=+0.7096
[steering] warmth random_083 additive strength=-0.10 alpha=-0.6048
[steering] warmth random_083 additive strength=-0.05 alpha=-0.3024
[steering] warmth random_083 additive strength=+0.00 alpha=+0.0000
[steering] warmth random_083 additive strength=+0.05 alpha=+0.3024
[steering] warmth random_083 additive strength=+0.10 alpha=+0.6048
[steering] warmth random_084 additive strength=-0.10 alpha=-0.5471
[steering] warmth random_084 additive strength=-0.05 alpha=-0.2736
[steering] warmth random_084 additive strength=+0.00 alpha=+0.0000
[steering] warmth random_084 additive strength=+0.05 alpha=+0.2736
[steering] warmth random_084 additive strength=+0.10 alpha=+0.5471
[steering] warmth random_085 additive strength=-0.10 alpha=-0.3805
[steering] warmth random_085 additive strength=-0.05 alpha=-0.1903
[steering] warmth random_085 additive strength=+0.00 alpha=+0.0000
[steering] warmth random_085 additive strength=+0.05 alpha=+0.1903
[steering] warmth random_085 additive strength=+0.10 alpha=+0.3805
[steering] warmth random_086 additive strength=-0.10 alpha=-0.4971
[steering] warmth random_086 additive strength=-0.05 alpha=-0.2485
[steering] warmth random_086 additive strength=+0.00 alpha=+0.0000
[steering] warmth random_086 additive strength=+0.05 alpha=+0.2485
[steering] warmth random_086 additive strength=+0.10 alpha=+0.4971
[steering] warmth random_087 additive strength=-0.10 alpha=-0.4543
[steering] warmth random_087 additive strength=-0.05 alpha=-0.2272
[steering] warmth random_087 additive strength=+0.00 alpha=+0.0000
[steering] warmth random_087 additive strength=+0.05 alpha=+0.2272
[steering] warmth random_087 additive strength=+0.10 alpha=+0.4543
[steering] warmth random_088 additive strength=-0.10 alpha=-0.5691
[steering] warmth random_088 additive strength=-0.05 alpha=-0.2846
[steering] warmth random_088 additive strength=+0.00 alpha=+0.0000
[steering] warmth random_088 additive strength=+0.05 alpha=+0.2846
[steering] warmth random_088 additive strength=+0.10 alpha=+0.5691
[steering] warmth random_089 additive strength=-0.10 alpha=-0.6363
[steering] warmth random_089 additive strength=-0.05 alpha=-0.3182
[steering] warmth random_089 additive strength=+0.00 alpha=+0.0000
[steering] warmth random_089 additive strength=+0.05 alpha=+0.3182
[steering] warmth random_089 additive strength=+0.10 alpha=+0.6363
[steering] warmth random_090 additive strength=-0.10 alpha=-0.5603
[steering] warmth random_090 additive strength=-0.05 alpha=-0.2801
[steering] warmth random_090 additive strength=+0.00 alpha=+0.0000
[steering] warmth random_090 additive strength=+0.05 alpha=+0.2801
[steering] warmth random_090 additive strength=+0.10 alpha=+0.5603
[steering] warmth random_091 additive strength=-0.10 alpha=-0.4711
[steering] warmth random_091 additive strength=-0.05 alpha=-0.2355
[steering] warmth random_091 additive strength=+0.00 alpha=+0.0000
[steering] warmth random_091 additive strength=+0.05 alpha=+0.2355
[steering] warmth random_091 additive strength=+0.10 alpha=+0.4711
[steering] warmth random_092 additive strength=-0.10 alpha=-0.5349
[steering] warmth random_092 additive strength=-0.05 alpha=-0.2675
[steering] warmth random_092 additive strength=+0.00 alpha=+0.0000
[steering] warmth random_092 additive strength=+0.05 alpha=+0.2675
[steering] warmth random_092 additive strength=+0.10 alpha=+0.5349
[steering] warmth random_093 additive strength=-0.10 alpha=-0.6181
[steering] warmth random_093 additive strength=-0.05 alpha=-0.3090
[steering] warmth random_093 additive strength=+0.00 alpha=+0.0000
[steering] warmth random_093 additive strength=+0.05 alpha=+0.3090
[steering] warmth random_093 additive strength=+0.10 alpha=+0.6181
[steering] warmth random_094 additive strength=-0.10 alpha=-0.5980
[steering] warmth random_094 additive strength=-0.05 alpha=-0.2990
[steering] warmth random_094 additive strength=+0.00 alpha=+0.0000
[steering] warmth random_094 additive strength=+0.05 alpha=+0.2990
[steering] warmth random_094 additive strength=+0.10 alpha=+0.5980
[steering] warmth random_095 additive strength=-0.10 alpha=-0.4960
[steering] warmth random_095 additive strength=-0.05 alpha=-0.2480
[steering] warmth random_095 additive strength=+0.00 alpha=+0.0000
[steering] warmth random_095 additive strength=+0.05 alpha=+0.2480
[steering] warmth random_095 additive strength=+0.10 alpha=+0.4960
[steering] warmth random_096 additive strength=-0.10 alpha=-0.5684
[steering] warmth random_096 additive strength=-0.05 alpha=-0.2842
[steering] warmth random_096 additive strength=+0.00 alpha=+0.0000
[steering] warmth random_096 additive strength=+0.05 alpha=+0.2842
[steering] warmth random_096 additive strength=+0.10 alpha=+0.5684
[steering] warmth random_097 additive strength=-0.10 alpha=-0.5326
[steering] warmth random_097 additive strength=-0.05 alpha=-0.2663
[steering] warmth random_097 additive strength=+0.00 alpha=+0.0000
[steering] warmth random_097 additive strength=+0.05 alpha=+0.2663
[steering] warmth random_097 additive strength=+0.10 alpha=+0.5326
[steering] warmth random_098 additive strength=-0.10 alpha=-0.6273
[steering] warmth random_098 additive strength=-0.05 alpha=-0.3136
[steering] warmth random_098 additive strength=+0.00 alpha=+0.0000
[steering] warmth random_098 additive strength=+0.05 alpha=+0.3136
[steering] warmth random_098 additive strength=+0.10 alpha=+0.6273
[steering] warmth warmth norm_preserving strength=-0.10 alpha=-6.8437
[steering] warmth warmth norm_preserving strength=-0.05 alpha=-3.4218
[steering] warmth warmth norm_preserving strength=+0.00 alpha=+0.0000
[steering] warmth warmth norm_preserving strength=+0.05 alpha=+3.4218
[steering] warmth warmth norm_preserving strength=+0.10 alpha=+6.8437
[steering] warmth competence norm_preserving strength=-0.10 alpha=-7.4625
[steering] warmth competence norm_preserving strength=-0.05 alpha=-3.7312
[steering] warmth competence norm_preserving strength=+0.00 alpha=+0.0000
[steering] warmth competence norm_preserving strength=+0.05 alpha=+3.7312
[steering] warmth competence norm_preserving strength=+0.10 alpha=+7.4625
[steering] warmth random_000 norm_preserving strength=-0.10 alpha=-0.6527
[steering] warmth random_000 norm_preserving strength=-0.05 alpha=-0.3264
[steering] warmth random_000 norm_preserving strength=+0.00 alpha=+0.0000
[steering] warmth random_000 norm_preserving strength=+0.05 alpha=+0.3264
[steering] warmth random_000 norm_preserving strength=+0.10 alpha=+0.6527
[steering] warmth random_001 norm_preserving strength=-0.10 alpha=-0.5901
[steering] warmth random_001 norm_preserving strength=-0.05 alpha=-0.2950
[steering] warmth random_001 norm_preserving strength=+0.00 alpha=+0.0000
[steering] warmth random_001 norm_preserving strength=+0.05 alpha=+0.2950
[steering] warmth random_001 norm_preserving strength=+0.10 alpha=+0.5901
[steering] warmth random_002 norm_preserving strength=-0.10 alpha=-0.4806
[steering] warmth random_002 norm_preserving strength=-0.05 alpha=-0.2403
[steering] warmth random_002 norm_preserving strength=+0.00 alpha=+0.0000
[steering] warmth random_002 norm_preserving strength=+0.05 alpha=+0.2403
[steering] warmth random_002 norm_preserving strength=+0.10 alpha=+0.4806
[steering] warmth random_003 norm_preserving strength=-0.10 alpha=-0.5309
[steering] warmth random_003 norm_preserving strength=-0.05 alpha=-0.2655
[steering] warmth random_003 norm_preserving strength=+0.00 alpha=+0.0000
[steering] warmth random_003 norm_preserving strength=+0.05 alpha=+0.2655
[steering] warmth random_003 norm_preserving strength=+0.10 alpha=+0.5309
[steering] warmth random_004 norm_preserving strength=-0.10 alpha=-0.5634
[steering] warmth random_004 norm_preserving strength=-0.05 alpha=-0.2817
[steering] warmth random_004 norm_preserving strength=+0.00 alpha=+0.0000
[steering] warmth random_004 norm_preserving strength=+0.05 alpha=+0.2817
[steering] warmth random_004 norm_preserving strength=+0.10 alpha=+0.5634
[steering] warmth random_005 norm_preserving strength=-0.10 alpha=-0.5200
[steering] warmth random_005 norm_preserving strength=-0.05 alpha=-0.2600
[steering] warmth random_005 norm_preserving strength=+0.00 alpha=+0.0000
[steering] warmth random_005 norm_preserving strength=+0.05 alpha=+0.2600
[steering] warmth random_005 norm_preserving strength=+0.10 alpha=+0.5200
[steering] warmth random_006 norm_preserving strength=-0.10 alpha=-0.5062
[steering] warmth random_006 norm_preserving strength=-0.05 alpha=-0.2531
[steering] warmth random_006 norm_preserving strength=+0.00 alpha=+0.0000
[steering] warmth random_006 norm_preserving strength=+0.05 alpha=+0.2531
[steering] warmth random_006 norm_preserving strength=+0.10 alpha=+0.5062
[steering] warmth random_007 norm_preserving strength=-0.10 alpha=-0.4933
[steering] warmth random_007 norm_preserving strength=-0.05 alpha=-0.2467
[steering] warmth random_007 norm_preserving strength=+0.00 alpha=+0.0000
[steering] warmth random_007 norm_preserving strength=+0.05 alpha=+0.2467
[steering] warmth random_007 norm_preserving strength=+0.10 alpha=+0.4933
[steering] warmth random_008 norm_preserving strength=-0.10 alpha=-0.5742
[steering] warmth random_008 norm_preserving strength=-0.05 alpha=-0.2871
[steering] warmth random_008 norm_preserving strength=+0.00 alpha=+0.0000
[steering] warmth random_008 norm_preserving strength=+0.05 alpha=+0.2871
[steering] warmth random_008 norm_preserving strength=+0.10 alpha=+0.5742
[steering] warmth random_009 norm_preserving strength=-0.10 alpha=-0.6189
[steering] warmth random_009 norm_preserving strength=-0.05 alpha=-0.3094
[steering] warmth random_009 norm_preserving strength=+0.00 alpha=+0.0000
[steering] warmth random_009 norm_preserving strength=+0.05 alpha=+0.3094
[steering] warmth random_009 norm_preserving strength=+0.10 alpha=+0.6189
[steering] warmth random_010 norm_preserving strength=-0.10 alpha=-0.5036
[steering] warmth random_010 norm_preserving strength=-0.05 alpha=-0.2518
[steering] warmth random_010 norm_preserving strength=+0.00 alpha=+0.0000
[steering] warmth random_010 norm_preserving strength=+0.05 alpha=+0.2518
[steering] warmth random_010 norm_preserving strength=+0.10 alpha=+0.5036
[steering] warmth random_011 norm_preserving strength=-0.10 alpha=-0.4283
[steering] warmth random_011 norm_preserving strength=-0.05 alpha=-0.2141
[steering] warmth random_011 norm_preserving strength=+0.00 alpha=+0.0000
[steering] warmth random_011 norm_preserving strength=+0.05 alpha=+0.2141
[steering] warmth random_011 norm_preserving strength=+0.10 alpha=+0.4283
[steering] warmth random_012 norm_preserving strength=-0.10 alpha=-0.5500
[steering] warmth random_012 norm_preserving strength=-0.05 alpha=-0.2750
[steering] warmth random_012 norm_preserving strength=+0.00 alpha=+0.0000
[steering] warmth random_012 norm_preserving strength=+0.05 alpha=+0.2750
[steering] warmth random_012 norm_preserving strength=+0.10 alpha=+0.5500
[steering] warmth random_013 norm_preserving strength=-0.10 alpha=-0.5410
[steering] warmth random_013 norm_preserving strength=-0.05 alpha=-0.2705
[steering] warmth random_013 norm_preserving strength=+0.00 alpha=+0.0000
[steering] warmth random_013 norm_preserving strength=+0.05 alpha=+0.2705
[steering] warmth random_013 norm_preserving strength=+0.10 alpha=+0.5410
[steering] warmth random_014 norm_preserving strength=-0.10 alpha=-0.4885
[steering] warmth random_014 norm_preserving strength=-0.05 alpha=-0.2442
[steering] warmth random_014 norm_preserving strength=+0.00 alpha=+0.0000
[steering] warmth random_014 norm_preserving strength=+0.05 alpha=+0.2442
[steering] warmth random_014 norm_preserving strength=+0.10 alpha=+0.4885
[steering] warmth random_015 norm_preserving strength=-0.10 alpha=-0.5329
[steering] warmth random_015 norm_preserving strength=-0.05 alpha=-0.2664
[steering] warmth random_015 norm_preserving strength=+0.00 alpha=+0.0000
[steering] warmth random_015 norm_preserving strength=+0.05 alpha=+0.2664
[steering] warmth random_015 norm_preserving strength=+0.10 alpha=+0.5329
[steering] warmth random_016 norm_preserving strength=-0.10 alpha=-0.5396
[steering] warmth random_016 norm_preserving strength=-0.05 alpha=-0.2698
[steering] warmth random_016 norm_preserving strength=+0.00 alpha=+0.0000
[steering] warmth random_016 norm_preserving strength=+0.05 alpha=+0.2698
[steering] warmth random_016 norm_preserving strength=+0.10 alpha=+0.5396
[steering] warmth random_017 norm_preserving strength=-0.10 alpha=-0.6132
[steering] warmth random_017 norm_preserving strength=-0.05 alpha=-0.3066
[steering] warmth random_017 norm_preserving strength=+0.00 alpha=+0.0000
[steering] warmth random_017 norm_preserving strength=+0.05 alpha=+0.3066
[steering] warmth random_017 norm_preserving strength=+0.10 alpha=+0.6132
[steering] warmth random_018 norm_preserving strength=-0.10 alpha=-0.4868
[steering] warmth random_018 norm_preserving strength=-0.05 alpha=-0.2434
[steering] warmth random_018 norm_preserving strength=+0.00 alpha=+0.0000
[steering] warmth random_018 norm_preserving strength=+0.05 alpha=+0.2434
[steering] warmth random_018 norm_preserving strength=+0.10 alpha=+0.4868
[steering] warmth random_019 norm_preserving strength=-0.10 alpha=-0.5211
[steering] warmth random_019 norm_preserving strength=-0.05 alpha=-0.2605
[steering] warmth random_019 norm_preserving strength=+0.00 alpha=+0.0000
[steering] warmth random_019 norm_preserving strength=+0.05 alpha=+0.2605
[steering] warmth random_019 norm_preserving strength=+0.10 alpha=+0.5211
[steering] warmth random_020 norm_preserving strength=-0.10 alpha=-0.5111
[steering] warmth random_020 norm_preserving strength=-0.05 alpha=-0.2555
[steering] warmth random_020 norm_preserving strength=+0.00 alpha=+0.0000
[steering] warmth random_020 norm_preserving strength=+0.05 alpha=+0.2555
[steering] warmth random_020 norm_preserving strength=+0.10 alpha=+0.5111
[steering] warmth random_021 norm_preserving strength=-0.10 alpha=-0.6071
[steering] warmth random_021 norm_preserving strength=-0.05 alpha=-0.3036
[steering] warmth random_021 norm_preserving strength=+0.00 alpha=+0.0000
[steering] warmth random_021 norm_preserving strength=+0.05 alpha=+0.3036
[steering] warmth random_021 norm_preserving strength=+0.10 alpha=+0.6071
[steering] warmth random_022 norm_preserving strength=-0.10 alpha=-0.6690
[steering] warmth random_022 norm_preserving strength=-0.05 alpha=-0.3345
[steering] warmth random_022 norm_preserving strength=+0.00 alpha=+0.0000
[steering] warmth random_022 norm_preserving strength=+0.05 alpha=+0.3345
[steering] warmth random_022 norm_preserving strength=+0.10 alpha=+0.6690
[steering] warmth random_023 norm_preserving strength=-0.10 alpha=-0.5565
[steering] warmth random_023 norm_preserving strength=-0.05 alpha=-0.2782
[steering] warmth random_023 norm_preserving strength=+0.00 alpha=+0.0000
[steering] warmth random_023 norm_preserving strength=+0.05 alpha=+0.2782
[steering] warmth random_023 norm_preserving strength=+0.10 alpha=+0.5565
