--- Grid Engine ---
Reserving GPUs @ scc192 ..
Number of requested GPUS: 1
GPU 0: NVIDIA L40 (UUID: GPU-58427703-bce4-32fd-4b8a-f00823f1d59c)
GPU 1: NVIDIA L40 (UUID: GPU-41e5380b-23f0-e6b0-6d0a-a44254ec8642)
GPU 2: NVIDIA L40 (UUID: GPU-aa56efa3-44bb-3542-e797-a0b90a3d3978)
GPU 3: NVIDIA L40 (UUID: GPU-52b7f36d-6004-78d2-75d7-91fd517911ae)
Set SGE_GPU = 2
Set CUDA_VISIBLE_DEVICES = 2
--- Grid Engine ---
[runtime] gpu='NVIDIA L40' free=44.00 GiB total=44.42 GiB
[validated] neutral: 2 outputs absent
Loading model: google/gemma-4-12B-it ...
[model] n_layers=48 d_model=3840 probe_layer=31 hook=blocks.31.hook_resid_post start_token=50
  [neutral] 1500 texts loaded from data/stimuli/neutral_corpus.jsonl
  [extract] 10/1500 done
  [extract] 20/1500 done
  [extract] 30/1500 done
  [extract] 40/1500 done
  [extract] 50/1500 done
  [extract] 60/1500 done
  [extract] 70/1500 done
  [extract] 80/1500 done
  [extract] 90/1500 done
  [extract] 100/1500 done
  [extract] 110/1500 done
  [extract] 120/1500 done
  [extract] 130/1500 done
  [extract] 140/1500 done
  [extract] 150/1500 done
  [extract] 160/1500 done
  [extract] 170/1500 done
  [extract] 180/1500 done
  [extract] 190/1500 done
  [extract] 200/1500 done
  [extract] 210/1500 done
  [extract] 220/1500 done
  [extract] 230/1500 done
  [extract] 240/1500 done
  [extract] 250/1500 done
  [extract] 260/1500 done
  [extract] 270/1500 done
  [extract] 280/1500 done
  [extract] 290/1500 done
  [extract] 300/1500 done
  [extract] 310/1500 done
  [extract] 320/1500 done
  [extract] 330/1500 done
  [extract] 340/1500 done
  [extract] 350/1500 done
  [extract] 360/1500 done
  [extract] 370/1500 done
  [extract] 380/1500 done
  [extract] 390/1500 done
  [extract] 400/1500 done
  [extract] 410/1500 done
  [extract] 420/1500 done
  [extract] 430/1500 done
  [extract] 440/1500 done
  [extract] 450/1500 done
  [extract] 460/1500 done
  [extract] 470/1500 done
  [extract] 480/1500 done
  [extract] 490/1500 done
  [extract] 500/1500 done
  [extract] 510/1500 done
  [extract] 520/1500 done
  [extract] 530/1500 done
  [extract] 540/1500 done
  [extract] 550/1500 done
  [extract] 560/1500 done
  [extract] 570/1500 done
  [extract] 580/1500 done
  [extract] 590/1500 done
  [extract] 600/1500 done
  [extract] 610/1500 done
  [extract] 620/1500 done
  [extract] 630/1500 done
  [extract] 640/1500 done
  [extract] 650/1500 done
  [extract] 660/1500 done
  [extract] 670/1500 done
  [extract] 680/1500 done
  [extract] 690/1500 done
  [extract] 700/1500 done
  [extract] 710/1500 done
  [extract] 720/1500 done
  [extract] 730/1500 done
  [extract] 740/1500 done
  [extract] 750/1500 done
  [extract] 760/1500 done
  [extract] 770/1500 done
  [extract] 780/1500 done
  [extract] 790/1500 done
  [extract] 800/1500 done
  [extract] 810/1500 done
  [extract] 820/1500 done
  [extract] 830/1500 done
  [extract] 840/1500 done
  [extract] 850/1500 done
  [extract] 860/1500 done
  [extract] 870/1500 done
  [extract] 880/1500 done
  [extract] 890/1500 done
  [extract] 900/1500 done
  [extract] 910/1500 done
  [extract] 920/1500 done
  [extract] 930/1500 done
  [extract] 940/1500 done
  [extract] 950/1500 done
  [extract] 960/1500 done
  [extract] 970/1500 done
  [extract] 980/1500 done
  [extract] 990/1500 done
  [extract] 1000/1500 done
  [extract] 1010/1500 done
  [extract] 1020/1500 done
  [extract] 1030/1500 done
  [extract] 1040/1500 done
  [extract] 1050/1500 done
  [extract] 1060/1500 done
  [extract] 1070/1500 done
  [extract] 1080/1500 done
  [extract] 1090/1500 done
  [extract] 1100/1500 done
  [extract] 1110/1500 done
  [extract] 1120/1500 done
  [extract] 1130/1500 done
  [extract] 1140/1500 done
  [extract] 1150/1500 done
  [extract] 1160/1500 done
  [extract] 1170/1500 done
  [extract] 1180/1500 done
  [extract] 1190/1500 done
  [extract] 1200/1500 done
  [extract] 1210/1500 done
  [extract] 1220/1500 done
  [extract] 1230/1500 done
  [extract] 1240/1500 done
  [extract] 1250/1500 done
  [extract] 1260/1500 done
  [extract] 1270/1500 done
  [extract] 1280/1500 done
  [extract] 1290/1500 done
  [extract] 1300/1500 done
  [extract] 1310/1500 done
  [extract] 1320/1500 done
  [extract] 1330/1500 done
  [extract] 1340/1500 done
  [extract] 1350/1500 done
  [extract] 1360/1500 done
  [extract] 1370/1500 done
  [extract] 1380/1500 done
  [extract] 1390/1500 done
  [extract] 1400/1500 done
  [extract] 1410/1500 done
  [extract] 1420/1500 done
  [extract] 1430/1500 done
  [extract] 1440/1500 done
  [extract] 1450/1500 done
  [extract] 1460/1500 done
  [extract] 1470/1500 done
  [extract] 1480/1500 done
  [extract] 1490/1500 done
  [extract] 1500/1500 done
[DONE] saved X_neutral.npy shape=(1500, 3840) -> data/processed/concept_vectors_gemma4_12b
[validated] neutral: 2 outputs complete
[success] run=neutral -> /work/emrecan.ulu/gemma4_remaining/20260718T141249Z_12b_neutral/12b_neutral.success
