--- Grid Engine ---
Reserving GPUs @ scc214 ..
Number of requested GPUS: 1
GPU 0: NVIDIA RTX PRO 6000 Blackwell Server Edition (UUID: GPU-507970ca-1d83-07f5-7313-8794afdd8585)
GPU 1: NVIDIA RTX PRO 6000 Blackwell Server Edition (UUID: GPU-ffa89324-cc75-4306-b653-c29c4dda1cdf)
GPU 2: NVIDIA RTX PRO 6000 Blackwell Server Edition (UUID: GPU-bb1778b1-810c-451b-46f5-c60e94530810)
GPU 3: NVIDIA RTX PRO 6000 Blackwell Server Edition (UUID: GPU-6ca202c9-9e24-bc3e-5a9e-514db7180d18)
GPU 4: NVIDIA RTX PRO 6000 Blackwell Server Edition (UUID: GPU-1a96c05e-b1c1-872c-1610-c4412502b862)
GPU 5: NVIDIA RTX PRO 6000 Blackwell Server Edition (UUID: GPU-86953032-21b6-1c61-d81c-dfb6d54de161)
GPU 6: NVIDIA RTX PRO 6000 Blackwell Server Edition (UUID: GPU-391a19d5-ffde-82dc-4f71-f679faa836f0)
GPU 7: NVIDIA RTX PRO 6000 Blackwell Server Edition (UUID: GPU-72a4de52-03aa-35bf-0c55-e25b5f57d678)
Set SGE_GPU = 6
Set CUDA_VISIBLE_DEVICES = 6
--- Grid Engine ---
[runtime] host GPU: NVIDIA RTX PRO 6000 Blackwell Server Edition
[runtime] visible GPUs=1 total_memory=95.01 GiB
[validated] gemma4_31b stage 1: technical gates passed
[validated] gemma4_31b stage 2: technical gates passed
[preflight] stage 3 targets are absent
[override] model set to: google/gemma-4-31B-it
[stimuli] data/stimuli/concept_stories.jsonl
  [stimuli] high_warmth: 50 stories
  [stimuli] low_warmth: 50 stories
  [stimuli] high_competence: 50 stories
  [stimuli] low_competence: 50 stories
[model] loading google/gemma-4-31B-it ...
[model] n_layers=60, d_model=5376, probe_layer=39 (frac=0.66)
[sweep] extracting all 60 layers for 200 stories ...
  [sweep] 20/200 stories done
  [sweep] 40/200 stories done
  [sweep] 60/200 stories done
  [sweep] 80/200 stories done
  [sweep] 100/200 stories done
  [sweep] 120/200 stories done
  [sweep] 140/200 stories done
  [sweep] 160/200 stories done
  [sweep] 180/200 stories done
  [sweep] 200/200 stories done
[sweep] extraction done in 15.4s  acts.shape=(60, 200, 5376)
[sweep] computing metrics per layer ...
  L000  frac=0.00  w_cv=0.840  c_cv=0.950  w_d=1.43  cos=-0.183  norm=58.9
  L001  frac=0.02  w_cv=0.870  c_cv=0.970  w_d=3.15  cos=0.071  norm=74.1
  L002  frac=0.03  w_cv=0.900  c_cv=0.970  w_d=3.27  cos=0.096  norm=80.3
  L003  frac=0.05  w_cv=0.910  c_cv=0.970  w_d=3.35  cos=0.129  norm=99.3
  L004  frac=0.07  w_cv=0.930  c_cv=0.980  w_d=3.73  cos=0.189  norm=103.5
  L005  frac=0.08  w_cv=0.950  c_cv=1.000  w_d=4.04  cos=0.294  norm=154.1
  L006  frac=0.10  w_cv=0.960  c_cv=1.000  w_d=4.18  cos=0.340  norm=187.3
  L007  frac=0.12  w_cv=0.940  c_cv=1.000  w_d=4.03  cos=0.416  norm=219.5
  L008  frac=0.14  w_cv=0.940  c_cv=1.000  w_d=3.35  cos=0.388  norm=235.3
  L009  frac=0.15  w_cv=0.930  c_cv=0.990  w_d=2.43  cos=0.336  norm=257.3
  L010  frac=0.17  w_cv=0.910  c_cv=0.990  w_d=2.29  cos=0.390  norm=276.0
  L011  frac=0.19  w_cv=0.920  c_cv=0.990  w_d=2.15  cos=0.399  norm=289.5
  L012  frac=0.20  w_cv=0.940  c_cv=0.990  w_d=2.15  cos=0.286  norm=296.9
  L013  frac=0.22  w_cv=0.940  c_cv=0.990  w_d=2.44  cos=0.319  norm=304.4
  L014  frac=0.24  w_cv=0.950  c_cv=1.000  w_d=2.43  cos=0.329  norm=310.6
  L015  frac=0.25  w_cv=0.960  c_cv=0.990  w_d=2.55  cos=0.389  norm=344.3
  L016  frac=0.27  w_cv=0.990  c_cv=1.000  w_d=3.56  cos=0.434  norm=353.6
  L017  frac=0.29  w_cv=0.990  c_cv=1.000  w_d=3.60  cos=0.408  norm=369.7
  L018  frac=0.31  w_cv=0.990  c_cv=1.000  w_d=4.75  cos=0.450  norm=378.6
  L019  frac=0.32  w_cv=1.000  c_cv=1.000  w_d=4.63  cos=0.459  norm=396.4
  L020  frac=0.34  w_cv=1.000  c_cv=1.000  w_d=4.91  cos=0.435  norm=415.8
  L021  frac=0.36  w_cv=1.000  c_cv=1.000  w_d=6.67  cos=0.483  norm=424.6
  L022  frac=0.37  w_cv=1.000  c_cv=1.000  w_d=8.72  cos=0.486  norm=420.2
  L023  frac=0.39  w_cv=1.000  c_cv=1.000  w_d=9.04  cos=0.510  norm=373.6
  L024  frac=0.41  w_cv=1.000  c_cv=1.000  w_d=11.49  cos=0.507  norm=362.0
  L025  frac=0.42  w_cv=1.000  c_cv=1.000  w_d=11.23  cos=0.530  norm=342.0
  L026  frac=0.44  w_cv=1.000  c_cv=1.000  w_d=7.85  cos=0.581  norm=308.8
  L027  frac=0.46  w_cv=1.000  c_cv=1.000  w_d=6.23  cos=0.622  norm=283.0
  L028  frac=0.47  w_cv=1.000  c_cv=1.000  w_d=10.09  cos=0.705  norm=262.5
  L029  frac=0.49  w_cv=1.000  c_cv=1.000  w_d=5.48  cos=0.661  norm=262.2
  L030  frac=0.51  w_cv=1.000  c_cv=1.000  w_d=7.11  cos=0.641  norm=280.2
  L031  frac=0.53  w_cv=1.000  c_cv=1.000  w_d=7.28  cos=0.587  norm=306.3
  L032  frac=0.54  w_cv=1.000  c_cv=1.000  w_d=8.28  cos=0.578  norm=316.7
  L033  frac=0.56  w_cv=1.000  c_cv=1.000  w_d=8.36  cos=0.547  norm=320.9
  L034  frac=0.58  w_cv=1.000  c_cv=1.000  w_d=8.81  cos=0.573  norm=310.8
  L035  frac=0.59  w_cv=1.000  c_cv=1.000  w_d=7.07  cos=0.552  norm=294.6
  L036  frac=0.61  w_cv=1.000  c_cv=1.000  w_d=5.95  cos=0.590  norm=279.9
  L037  frac=0.63  w_cv=1.000  c_cv=1.000  w_d=6.13  cos=0.595  norm=265.1
  L038  frac=0.64  w_cv=1.000  c_cv=1.000  w_d=6.35  cos=0.590  norm=235.0
  L039  frac=0.66  w_cv=1.000  c_cv=1.000  w_d=7.56  cos=0.526  norm=188.5 <-- probe_layer_frac=0.66
  L040  frac=0.68  w_cv=1.000  c_cv=1.000  w_d=6.93  cos=0.516  norm=174.0
  L041  frac=0.69  w_cv=1.000  c_cv=1.000  w_d=6.94  cos=0.480  norm=197.2
  L042  frac=0.71  w_cv=1.000  c_cv=1.000  w_d=5.20  cos=0.517  norm=201.6
  L043  frac=0.73  w_cv=1.000  c_cv=1.000  w_d=4.02  cos=0.544  norm=180.9
  L044  frac=0.75  w_cv=1.000  c_cv=1.000  w_d=3.23  cos=0.529  norm=173.8
  L045  frac=0.76  w_cv=1.000  c_cv=1.000  w_d=3.33  cos=0.528  norm=161.0
  L046  frac=0.78  w_cv=1.000  c_cv=1.000  w_d=3.65  cos=0.530  norm=154.0
  L047  frac=0.80  w_cv=1.000  c_cv=1.000  w_d=4.02  cos=0.518  norm=154.2
  L048  frac=0.81  w_cv=1.000  c_cv=1.000  w_d=4.05  cos=0.510  norm=156.2
  L049  frac=0.83  w_cv=1.000  c_cv=1.000  w_d=4.19  cos=0.516  norm=140.9
  L050  frac=0.85  w_cv=1.000  c_cv=0.990  w_d=4.64  cos=0.493  norm=121.8
  L051  frac=0.86  w_cv=1.000  c_cv=0.990  w_d=5.99  cos=0.431  norm=90.5
  L052  frac=0.88  w_cv=1.000  c_cv=1.000  w_d=6.24  cos=0.374  norm=46.9
  L053  frac=0.90  w_cv=1.000  c_cv=1.000  w_d=4.42  cos=0.423  norm=65.6
  L054  frac=0.92  w_cv=1.000  c_cv=1.000  w_d=3.40  cos=0.446  norm=69.0
  L055  frac=0.93  w_cv=1.000  c_cv=1.000  w_d=2.40  cos=0.478  norm=68.9
  L056  frac=0.95  w_cv=1.000  c_cv=1.000  w_d=2.62  cos=0.414  norm=54.4
  L057  frac=0.97  w_cv=1.000  c_cv=1.000  w_d=3.06  cos=0.356  norm=32.1
  L058  frac=0.98  w_cv=1.000  c_cv=1.000  w_d=1.72  cos=0.388  norm=47.2
  L059  frac=1.00  w_cv=0.810  c_cv=0.980  w_d=0.73  cos=0.405  norm=7.5

[DONE] layer sweep CSV: results/tables/layer_sweep_gemma4_31b.csv

--- SUMMARY ---
  Best warmth topic-CV   : L19 (frac=0.32)  cv=1.0000  d=4.63
  Best comp  topic-CV    : L5 (frac=0.08)  cv=1.0000  d=3.84
  probe_layer_frac=0.66  : L39 (frac=0.66)  w_cv=1.0000  c_cv=1.0000  cos=0.526  norm=188.5
[DONE] meta: results/tables/layer_sweep_gemma4_31b.meta.json
[validated] gemma4_31b stage 3: technical gates passed
[success] 2026-07-18T10:06:25Z gemma4_31b Stage 3 -> /work/emrecan.ulu/gemma4_stage3_retry/20260718T100211Z/31b.success
