--- Grid Engine ---
Reserving GPUs @ scc192 ..
Number of requested GPUS: 1
GPU 0: NVIDIA L40 (UUID: GPU-58427703-bce4-32fd-4b8a-f00823f1d59c)
GPU 1: NVIDIA L40 (UUID: GPU-41e5380b-23f0-e6b0-6d0a-a44254ec8642)
GPU 2: NVIDIA L40 (UUID: GPU-aa56efa3-44bb-3542-e797-a0b90a3d3978)
GPU 3: NVIDIA L40 (UUID: GPU-52b7f36d-6004-78d2-75d7-91fd517911ae)
Set SGE_GPU = 2
Set CUDA_VISIBLE_DEVICES = 2
--- Grid Engine ---
[runtime] gpu='NVIDIA L40' free=44.00 GiB total=44.42 GiB
[validated] dense_denoised: 4 outputs absent
[model] loading google/gemma-4-12B-it
[tokens] ' Yes'=10784  ' No'=3771  (single-token check passed, hook=blocks.31.hook_resid_post)
[baseline] warmth 10/20
[baseline] warmth 20/20
[steering] warmth warmth strength=-0.10
[steering] warmth warmth strength=-0.05
[steering] warmth warmth strength=+0.05
[steering] warmth warmth strength=+0.10
[steering] warmth competence strength=-0.10
[steering] warmth competence strength=-0.05
[steering] warmth competence strength=+0.05
[steering] warmth competence strength=+0.10
[steering] warmth random_000 strength=-0.10
[steering] warmth random_000 strength=-0.05
[steering] warmth random_000 strength=+0.05
[steering] warmth random_000 strength=+0.10
[steering] warmth random_001 strength=-0.10
[steering] warmth random_001 strength=-0.05
[steering] warmth random_001 strength=+0.05
[steering] warmth random_001 strength=+0.10
[steering] warmth random_002 strength=-0.10
[steering] warmth random_002 strength=-0.05
[steering] warmth random_002 strength=+0.05
[steering] warmth random_002 strength=+0.10
[steering] warmth random_003 strength=-0.10
[steering] warmth random_003 strength=-0.05
[steering] warmth random_003 strength=+0.05
[steering] warmth random_003 strength=+0.10
[steering] warmth random_004 strength=-0.10
[steering] warmth random_004 strength=-0.05
[steering] warmth random_004 strength=+0.05
[steering] warmth random_004 strength=+0.10
[steering] warmth random_005 strength=-0.10
[steering] warmth random_005 strength=-0.05
[steering] warmth random_005 strength=+0.05
[steering] warmth random_005 strength=+0.10
[steering] warmth random_006 strength=-0.10
[steering] warmth random_006 strength=-0.05
[steering] warmth random_006 strength=+0.05
[steering] warmth random_006 strength=+0.10
[steering] warmth random_007 strength=-0.10
[steering] warmth random_007 strength=-0.05
[steering] warmth random_007 strength=+0.05
[steering] warmth random_007 strength=+0.10
[steering] warmth random_008 strength=-0.10
[steering] warmth random_008 strength=-0.05
[steering] warmth random_008 strength=+0.05
[steering] warmth random_008 strength=+0.10
[steering] warmth random_009 strength=-0.10
[steering] warmth random_009 strength=-0.05
[steering] warmth random_009 strength=+0.05
[steering] warmth random_009 strength=+0.10
[steering] warmth random_010 strength=-0.10
[steering] warmth random_010 strength=-0.05
[steering] warmth random_010 strength=+0.05
[steering] warmth random_010 strength=+0.10
[steering] warmth random_011 strength=-0.10
[steering] warmth random_011 strength=-0.05
[steering] warmth random_011 strength=+0.05
[steering] warmth random_011 strength=+0.10
[steering] warmth random_012 strength=-0.10
[steering] warmth random_012 strength=-0.05
[steering] warmth random_012 strength=+0.05
[steering] warmth random_012 strength=+0.10
[steering] warmth random_013 strength=-0.10
[steering] warmth random_013 strength=-0.05
[steering] warmth random_013 strength=+0.05
[steering] warmth random_013 strength=+0.10
[steering] warmth random_014 strength=-0.10
[steering] warmth random_014 strength=-0.05
[steering] warmth random_014 strength=+0.05
[steering] warmth random_014 strength=+0.10
[steering] warmth random_015 strength=-0.10
[steering] warmth random_015 strength=-0.05
[steering] warmth random_015 strength=+0.05
[steering] warmth random_015 strength=+0.10
[steering] warmth random_016 strength=-0.10
[steering] warmth random_016 strength=-0.05
[steering] warmth random_016 strength=+0.05
[steering] warmth random_016 strength=+0.10
[steering] warmth random_017 strength=-0.10
[steering] warmth random_017 strength=-0.05
[steering] warmth random_017 strength=+0.05
[steering] warmth random_017 strength=+0.10
[steering] warmth random_018 strength=-0.10
[steering] warmth random_018 strength=-0.05
[steering] warmth random_018 strength=+0.05
[steering] warmth random_018 strength=+0.10
[steering] warmth random_019 strength=-0.10
[steering] warmth random_019 strength=-0.05
[steering] warmth random_019 strength=+0.05
[steering] warmth random_019 strength=+0.10
[steering] warmth random_020 strength=-0.10
[steering] warmth random_020 strength=-0.05
[steering] warmth random_020 strength=+0.05
[steering] warmth random_020 strength=+0.10
[steering] warmth random_021 strength=-0.10
[steering] warmth random_021 strength=-0.05
[steering] warmth random_021 strength=+0.05
[steering] warmth random_021 strength=+0.10
[steering] warmth random_022 strength=-0.10
[steering] warmth random_022 strength=-0.05
[steering] warmth random_022 strength=+0.05
[steering] warmth random_022 strength=+0.10
[steering] warmth random_023 strength=-0.10
[steering] warmth random_023 strength=-0.05
[steering] warmth random_023 strength=+0.05
[steering] warmth random_023 strength=+0.10
[steering] warmth random_024 strength=-0.10
[steering] warmth random_024 strength=-0.05
[steering] warmth random_024 strength=+0.05
[steering] warmth random_024 strength=+0.10
[steering] warmth random_025 strength=-0.10
[steering] warmth random_025 strength=-0.05
[steering] warmth random_025 strength=+0.05
[steering] warmth random_025 strength=+0.10
[steering] warmth random_026 strength=-0.10
[steering] warmth random_026 strength=-0.05
[steering] warmth random_026 strength=+0.05
[steering] warmth random_026 strength=+0.10
[steering] warmth random_027 strength=-0.10
[steering] warmth random_027 strength=-0.05
[steering] warmth random_027 strength=+0.05
[steering] warmth random_027 strength=+0.10
[steering] warmth random_028 strength=-0.10
[steering] warmth random_028 strength=-0.05
[steering] warmth random_028 strength=+0.05
[steering] warmth random_028 strength=+0.10
[steering] warmth random_029 strength=-0.10
[steering] warmth random_029 strength=-0.05
[steering] warmth random_029 strength=+0.05
[steering] warmth random_029 strength=+0.10
[steering] warmth random_030 strength=-0.10
[steering] warmth random_030 strength=-0.05
[steering] warmth random_030 strength=+0.05
[steering] warmth random_030 strength=+0.10
[steering] warmth random_031 strength=-0.10
[steering] warmth random_031 strength=-0.05
[steering] warmth random_031 strength=+0.05
[steering] warmth random_031 strength=+0.10
[steering] warmth random_032 strength=-0.10
[steering] warmth random_032 strength=-0.05
[steering] warmth random_032 strength=+0.05
[steering] warmth random_032 strength=+0.10
[steering] warmth random_033 strength=-0.10
[steering] warmth random_033 strength=-0.05
[steering] warmth random_033 strength=+0.05
[steering] warmth random_033 strength=+0.10
[steering] warmth random_034 strength=-0.10
[steering] warmth random_034 strength=-0.05
[steering] warmth random_034 strength=+0.05
[steering] warmth random_034 strength=+0.10
[steering] warmth random_035 strength=-0.10
[steering] warmth random_035 strength=-0.05
[steering] warmth random_035 strength=+0.05
[steering] warmth random_035 strength=+0.10
[steering] warmth random_036 strength=-0.10
[steering] warmth random_036 strength=-0.05
[steering] warmth random_036 strength=+0.05
[steering] warmth random_036 strength=+0.10
[steering] warmth random_037 strength=-0.10
[steering] warmth random_037 strength=-0.05
[steering] warmth random_037 strength=+0.05
[steering] warmth random_037 strength=+0.10
[steering] warmth random_038 strength=-0.10
[steering] warmth random_038 strength=-0.05
[steering] warmth random_038 strength=+0.05
[steering] warmth random_038 strength=+0.10
[steering] warmth random_039 strength=-0.10
[steering] warmth random_039 strength=-0.05
[steering] warmth random_039 strength=+0.05
[steering] warmth random_039 strength=+0.10
[steering] warmth random_040 strength=-0.10
[steering] warmth random_040 strength=-0.05
[steering] warmth random_040 strength=+0.05
[steering] warmth random_040 strength=+0.10
[steering] warmth random_041 strength=-0.10
[steering] warmth random_041 strength=-0.05
[steering] warmth random_041 strength=+0.05
[steering] warmth random_041 strength=+0.10
[steering] warmth random_042 strength=-0.10
[steering] warmth random_042 strength=-0.05
[steering] warmth random_042 strength=+0.05
[steering] warmth random_042 strength=+0.10
[steering] warmth random_043 strength=-0.10
[steering] warmth random_043 strength=-0.05
[steering] warmth random_043 strength=+0.05
[steering] warmth random_043 strength=+0.10
[steering] warmth random_044 strength=-0.10
[steering] warmth random_044 strength=-0.05
[steering] warmth random_044 strength=+0.05
[steering] warmth random_044 strength=+0.10
[steering] warmth random_045 strength=-0.10
[steering] warmth random_045 strength=-0.05
[steering] warmth random_045 strength=+0.05
[steering] warmth random_045 strength=+0.10
[steering] warmth random_046 strength=-0.10
[steering] warmth random_046 strength=-0.05
[steering] warmth random_046 strength=+0.05
[steering] warmth random_046 strength=+0.10
[steering] warmth random_047 strength=-0.10
[steering] warmth random_047 strength=-0.05
[steering] warmth random_047 strength=+0.05
[steering] warmth random_047 strength=+0.10
[steering] warmth random_048 strength=-0.10
[steering] warmth random_048 strength=-0.05
[steering] warmth random_048 strength=+0.05
[steering] warmth random_048 strength=+0.10
[steering] warmth random_049 strength=-0.10
[steering] warmth random_049 strength=-0.05
[steering] warmth random_049 strength=+0.05
[steering] warmth random_049 strength=+0.10
[baseline] competence 10/20
[baseline] competence 20/20
[steering] competence competence strength=-0.10
[steering] competence competence strength=-0.05
[steering] competence competence strength=+0.05
[steering] competence competence strength=+0.10
[steering] competence warmth strength=-0.10
[steering] competence warmth strength=-0.05
[steering] competence warmth strength=+0.05
[steering] competence warmth strength=+0.10
[steering] competence random_000 strength=-0.10
[steering] competence random_000 strength=-0.05
[steering] competence random_000 strength=+0.05
[steering] competence random_000 strength=+0.10
[steering] competence random_001 strength=-0.10
[steering] competence random_001 strength=-0.05
[steering] competence random_001 strength=+0.05
[steering] competence random_001 strength=+0.10
[steering] competence random_002 strength=-0.10
[steering] competence random_002 strength=-0.05
[steering] competence random_002 strength=+0.05
[steering] competence random_002 strength=+0.10
[steering] competence random_003 strength=-0.10
[steering] competence random_003 strength=-0.05
[steering] competence random_003 strength=+0.05
[steering] competence random_003 strength=+0.10
[steering] competence random_004 strength=-0.10
[steering] competence random_004 strength=-0.05
[steering] competence random_004 strength=+0.05
[steering] competence random_004 strength=+0.10
[steering] competence random_005 strength=-0.10
[steering] competence random_005 strength=-0.05
[steering] competence random_005 strength=+0.05
[steering] competence random_005 strength=+0.10
[steering] competence random_006 strength=-0.10
[steering] competence random_006 strength=-0.05
[steering] competence random_006 strength=+0.05
[steering] competence random_006 strength=+0.10
[steering] competence random_007 strength=-0.10
[steering] competence random_007 strength=-0.05
[steering] competence random_007 strength=+0.05
[steering] competence random_007 strength=+0.10
[steering] competence random_008 strength=-0.10
[steering] competence random_008 strength=-0.05
[steering] competence random_008 strength=+0.05
[steering] competence random_008 strength=+0.10
[steering] competence random_009 strength=-0.10
[steering] competence random_009 strength=-0.05
[steering] competence random_009 strength=+0.05
[steering] competence random_009 strength=+0.10
[steering] competence random_010 strength=-0.10
[steering] competence random_010 strength=-0.05
[steering] competence random_010 strength=+0.05
[steering] competence random_010 strength=+0.10
[steering] competence random_011 strength=-0.10
[steering] competence random_011 strength=-0.05
[steering] competence random_011 strength=+0.05
[steering] competence random_011 strength=+0.10
[steering] competence random_012 strength=-0.10
[steering] competence random_012 strength=-0.05
[steering] competence random_012 strength=+0.05
[steering] competence random_012 strength=+0.10
[steering] competence random_013 strength=-0.10
[steering] competence random_013 strength=-0.05
[steering] competence random_013 strength=+0.05
[steering] competence random_013 strength=+0.10
[steering] competence random_014 strength=-0.10
[steering] competence random_014 strength=-0.05
[steering] competence random_014 strength=+0.05
[steering] competence random_014 strength=+0.10
[steering] competence random_015 strength=-0.10
[steering] competence random_015 strength=-0.05
[steering] competence random_015 strength=+0.05
[steering] competence random_015 strength=+0.10
[steering] competence random_016 strength=-0.10
[steering] competence random_016 strength=-0.05
[steering] competence random_016 strength=+0.05
[steering] competence random_016 strength=+0.10
[steering] competence random_017 strength=-0.10
[steering] competence random_017 strength=-0.05
[steering] competence random_017 strength=+0.05
[steering] competence random_017 strength=+0.10
[steering] competence random_018 strength=-0.10
[steering] competence random_018 strength=-0.05
[steering] competence random_018 strength=+0.05
[steering] competence random_018 strength=+0.10
[steering] competence random_019 strength=-0.10
[steering] competence random_019 strength=-0.05
[steering] competence random_019 strength=+0.05
[steering] competence random_019 strength=+0.10
[steering] competence random_020 strength=-0.10
[steering] competence random_020 strength=-0.05
[steering] competence random_020 strength=+0.05
[steering] competence random_020 strength=+0.10
[steering] competence random_021 strength=-0.10
[steering] competence random_021 strength=-0.05
[steering] competence random_021 strength=+0.05
[steering] competence random_021 strength=+0.10
[steering] competence random_022 strength=-0.10
[steering] competence random_022 strength=-0.05
[steering] competence random_022 strength=+0.05
[steering] competence random_022 strength=+0.10
[steering] competence random_023 strength=-0.10
[steering] competence random_023 strength=-0.05
[steering] competence random_023 strength=+0.05
[steering] competence random_023 strength=+0.10
[steering] competence random_024 strength=-0.10
[steering] competence random_024 strength=-0.05
[steering] competence random_024 strength=+0.05
[steering] competence random_024 strength=+0.10
[steering] competence random_025 strength=-0.10
[steering] competence random_025 strength=-0.05
[steering] competence random_025 strength=+0.05
[steering] competence random_025 strength=+0.10
[steering] competence random_026 strength=-0.10
[steering] competence random_026 strength=-0.05
[steering] competence random_026 strength=+0.05
[steering] competence random_026 strength=+0.10
[steering] competence random_027 strength=-0.10
[steering] competence random_027 strength=-0.05
[steering] competence random_027 strength=+0.05
[steering] competence random_027 strength=+0.10
[steering] competence random_028 strength=-0.10
[steering] competence random_028 strength=-0.05
[steering] competence random_028 strength=+0.05
[steering] competence random_028 strength=+0.10
[steering] competence random_029 strength=-0.10
[steering] competence random_029 strength=-0.05
[steering] competence random_029 strength=+0.05
[steering] competence random_029 strength=+0.10
[steering] competence random_030 strength=-0.10
[steering] competence random_030 strength=-0.05
[steering] competence random_030 strength=+0.05
[steering] competence random_030 strength=+0.10
[steering] competence random_031 strength=-0.10
[steering] competence random_031 strength=-0.05
[steering] competence random_031 strength=+0.05
[steering] competence random_031 strength=+0.10
[steering] competence random_032 strength=-0.10
[steering] competence random_032 strength=-0.05
[steering] competence random_032 strength=+0.05
[steering] competence random_032 strength=+0.10
[steering] competence random_033 strength=-0.10
[steering] competence random_033 strength=-0.05
[steering] competence random_033 strength=+0.05
[steering] competence random_033 strength=+0.10
[steering] competence random_034 strength=-0.10
[steering] competence random_034 strength=-0.05
[steering] competence random_034 strength=+0.05
[steering] competence random_034 strength=+0.10
[steering] competence random_035 strength=-0.10
[steering] competence random_035 strength=-0.05
[steering] competence random_035 strength=+0.05
[steering] competence random_035 strength=+0.10
[steering] competence random_036 strength=-0.10
[steering] competence random_036 strength=-0.05
[steering] competence random_036 strength=+0.05
[steering] competence random_036 strength=+0.10
[steering] competence random_037 strength=-0.10
[steering] competence random_037 strength=-0.05
[steering] competence random_037 strength=+0.05
[steering] competence random_037 strength=+0.10
[steering] competence random_038 strength=-0.10
[steering] competence random_038 strength=-0.05
[steering] competence random_038 strength=+0.05
[steering] competence random_038 strength=+0.10
[steering] competence random_039 strength=-0.10
[steering] competence random_039 strength=-0.05
[steering] competence random_039 strength=+0.05
[steering] competence random_039 strength=+0.10
[steering] competence random_040 strength=-0.10
[steering] competence random_040 strength=-0.05
[steering] competence random_040 strength=+0.05
[steering] competence random_040 strength=+0.10
[steering] competence random_041 strength=-0.10
[steering] competence random_041 strength=-0.05
[steering] competence random_041 strength=+0.05
[steering] competence random_041 strength=+0.10
[steering] competence random_042 strength=-0.10
[steering] competence random_042 strength=-0.05
[steering] competence random_042 strength=+0.05
[steering] competence random_042 strength=+0.10
[steering] competence random_043 strength=-0.10
[steering] competence random_043 strength=-0.05
[steering] competence random_043 strength=+0.05
[steering] competence random_043 strength=+0.10
[steering] competence random_044 strength=-0.10
[steering] competence random_044 strength=-0.05
[steering] competence random_044 strength=+0.05
[steering] competence random_044 strength=+0.10
[steering] competence random_045 strength=-0.10
[steering] competence random_045 strength=-0.05
[steering] competence random_045 strength=+0.05
[steering] competence random_045 strength=+0.10
[steering] competence random_046 strength=-0.10
[steering] competence random_046 strength=-0.05
[steering] competence random_046 strength=+0.05
[steering] competence random_046 strength=+0.10
[steering] competence random_047 strength=-0.10
[steering] competence random_047 strength=-0.05
[steering] competence random_047 strength=+0.05
[steering] competence random_047 strength=+0.10
[steering] competence random_048 strength=-0.10
[steering] competence random_048 strength=-0.05
[steering] competence random_048 strength=+0.05
[steering] competence random_048 strength=+0.10
[steering] competence random_049 strength=-0.10
[steering] competence random_049 strength=-0.05
[steering] competence random_049 strength=+0.05
[steering] competence random_049 strength=+0.10
[done] results/tables/steering_dense_raw_gemma4_12b_denoised.csv
[done] results/tables/steering_dense_gemma4_12b_denoised.csv
[done] results/tables/steering_dense_null_gemma4_12b_denoised.csv
[done] results/logs/steering_dense_gemma4_12b_denoised.json
[validated] dense_denoised: 4 outputs complete
[success] run=dense_denoised -> /work/emrecan.ulu/gemma4_remaining/20260718T143107Z_12b_dense_denoised/12b_dense_denoised.success
