--- Grid Engine ---
Reserving GPUs @ scc214 ..
Number of requested GPUS: 1
GPU 0: NVIDIA RTX PRO 6000 Blackwell Server Edition (UUID: GPU-507970ca-1d83-07f5-7313-8794afdd8585)
GPU 1: NVIDIA RTX PRO 6000 Blackwell Server Edition (UUID: GPU-ffa89324-cc75-4306-b653-c29c4dda1cdf)
GPU 2: NVIDIA RTX PRO 6000 Blackwell Server Edition (UUID: GPU-bb1778b1-810c-451b-46f5-c60e94530810)
GPU 3: NVIDIA RTX PRO 6000 Blackwell Server Edition (UUID: GPU-6ca202c9-9e24-bc3e-5a9e-514db7180d18)
GPU 4: NVIDIA RTX PRO 6000 Blackwell Server Edition (UUID: GPU-1a96c05e-b1c1-872c-1610-c4412502b862)
GPU 5: NVIDIA RTX PRO 6000 Blackwell Server Edition (UUID: GPU-86953032-21b6-1c61-d81c-dfb6d54de161)
GPU 6: NVIDIA RTX PRO 6000 Blackwell Server Edition (UUID: GPU-391a19d5-ffde-82dc-4f71-f679faa836f0)
GPU 7: NVIDIA RTX PRO 6000 Blackwell Server Edition (UUID: GPU-72a4de52-03aa-35bf-0c55-e25b5f57d678)
Set SGE_GPU = 2
Set CUDA_VISIBLE_DEVICES = 2
--- Grid Engine ---
[runtime] gpu='NVIDIA RTX PRO 6000 Blackwell Server Edition' free=94.47 GiB total=95.01 GiB
[validated] hiring_local: 4 outputs absent
[meta] model=google/gemma-4-26B-A4B-it  layer=19  hook=blocks.19.hook_resid_post  mean_resid_norm=68.4
[names] 60 / 282 rated names selected
[model] loading google/gemma-4-26B-A4B-it …
[tokens] Yes=10784  No=3771  (continuation check passed)
[baseline] 20/60
[baseline] 40/60
[baseline] 60/60
[steering] warmth strength=-0.10 done
[steering] warmth strength=-0.05 done
[steering] warmth strength=+0.00 done
[steering] warmth strength=+0.05 done
[steering] warmth strength=+0.10 done
[steering] competence strength=-0.10 done
[steering] competence strength=-0.05 done
[steering] competence strength=+0.00 done
[steering] competence strength=+0.05 done
[steering] competence strength=+0.10 done
[done] results/tables/hiring_steering_raw_gemma4_26b_a4b_local.csv  (600 rows)
[done] results/logs/hiring_steering_gemma4_26b_a4b_local.json
[done] results/tables/hiring_steering_gemma4_26b_a4b_local.csv
[done] results/logs/hiring_steering_summary_gemma4_26b_a4b_local.json
[validated] hiring_local: 4 outputs complete
[success] run=hiring_local -> /work/emrecan.ulu/gemma4_remaining/20260718T141249Z_26b_a4b_hiring_local/26b_a4b_hiring_local.success
