--- Grid Engine ---
Reserving GPUs @ scc214 ..
Number of requested GPUS: 1
GPU 0: NVIDIA RTX PRO 6000 Blackwell Server Edition (UUID: GPU-507970ca-1d83-07f5-7313-8794afdd8585)
GPU 1: NVIDIA RTX PRO 6000 Blackwell Server Edition (UUID: GPU-ffa89324-cc75-4306-b653-c29c4dda1cdf)
GPU 2: NVIDIA RTX PRO 6000 Blackwell Server Edition (UUID: GPU-bb1778b1-810c-451b-46f5-c60e94530810)
GPU 3: NVIDIA RTX PRO 6000 Blackwell Server Edition (UUID: GPU-6ca202c9-9e24-bc3e-5a9e-514db7180d18)
GPU 4: NVIDIA RTX PRO 6000 Blackwell Server Edition (UUID: GPU-1a96c05e-b1c1-872c-1610-c4412502b862)
GPU 5: NVIDIA RTX PRO 6000 Blackwell Server Edition (UUID: GPU-86953032-21b6-1c61-d81c-dfb6d54de161)
GPU 6: NVIDIA RTX PRO 6000 Blackwell Server Edition (UUID: GPU-391a19d5-ffde-82dc-4f71-f679faa836f0)
GPU 7: NVIDIA RTX PRO 6000 Blackwell Server Edition (UUID: GPU-72a4de52-03aa-35bf-0c55-e25b5f57d678)
Set SGE_GPU = 6
Set CUDA_VISIBLE_DEVICES = 6
--- Grid Engine ---
[runtime] gpu='NVIDIA RTX PRO 6000 Blackwell Server Edition' free=94.47 GiB total=95.01 GiB
[validated] dense_raw: 4 outputs absent
[model] loading google/gemma-4-31B-it
[tokens] ' Yes'=10784  ' No'=3771  (single-token check passed, hook=blocks.39.hook_resid_post)
[baseline] warmth 10/20
[baseline] warmth 20/20
[steering] warmth warmth strength=-0.10
[steering] warmth warmth strength=-0.05
[steering] warmth warmth strength=+0.05
[steering] warmth warmth strength=+0.10
[steering] warmth competence strength=-0.10
[steering] warmth competence strength=-0.05
[steering] warmth competence strength=+0.05
[steering] warmth competence strength=+0.10
[steering] warmth random_000 strength=-0.10
[steering] warmth random_000 strength=-0.05
[steering] warmth random_000 strength=+0.05
[steering] warmth random_000 strength=+0.10
[steering] warmth random_001 strength=-0.10
[steering] warmth random_001 strength=-0.05
[steering] warmth random_001 strength=+0.05
[steering] warmth random_001 strength=+0.10
[steering] warmth random_002 strength=-0.10
[steering] warmth random_002 strength=-0.05
[steering] warmth random_002 strength=+0.05
[steering] warmth random_002 strength=+0.10
[steering] warmth random_003 strength=-0.10
[steering] warmth random_003 strength=-0.05
[steering] warmth random_003 strength=+0.05
[steering] warmth random_003 strength=+0.10
[steering] warmth random_004 strength=-0.10
[steering] warmth random_004 strength=-0.05
[steering] warmth random_004 strength=+0.05
[steering] warmth random_004 strength=+0.10
[steering] warmth random_005 strength=-0.10
[steering] warmth random_005 strength=-0.05
[steering] warmth random_005 strength=+0.05
[steering] warmth random_005 strength=+0.10
[steering] warmth random_006 strength=-0.10
[steering] warmth random_006 strength=-0.05
[steering] warmth random_006 strength=+0.05
[steering] warmth random_006 strength=+0.10
[steering] warmth random_007 strength=-0.10
[steering] warmth random_007 strength=-0.05
[steering] warmth random_007 strength=+0.05
[steering] warmth random_007 strength=+0.10
[steering] warmth random_008 strength=-0.10
[steering] warmth random_008 strength=-0.05
[steering] warmth random_008 strength=+0.05
[steering] warmth random_008 strength=+0.10
[steering] warmth random_009 strength=-0.10
[steering] warmth random_009 strength=-0.05
[steering] warmth random_009 strength=+0.05
[steering] warmth random_009 strength=+0.10
[steering] warmth random_010 strength=-0.10
[steering] warmth random_010 strength=-0.05
[steering] warmth random_010 strength=+0.05
[steering] warmth random_010 strength=+0.10
[steering] warmth random_011 strength=-0.10
[steering] warmth random_011 strength=-0.05
[steering] warmth random_011 strength=+0.05
[steering] warmth random_011 strength=+0.10
[steering] warmth random_012 strength=-0.10
[steering] warmth random_012 strength=-0.05
[steering] warmth random_012 strength=+0.05
[steering] warmth random_012 strength=+0.10
[steering] warmth random_013 strength=-0.10
[steering] warmth random_013 strength=-0.05
[steering] warmth random_013 strength=+0.05
[steering] warmth random_013 strength=+0.10
[steering] warmth random_014 strength=-0.10
[steering] warmth random_014 strength=-0.05
[steering] warmth random_014 strength=+0.05
[steering] warmth random_014 strength=+0.10
[steering] warmth random_015 strength=-0.10
[steering] warmth random_015 strength=-0.05
[steering] warmth random_015 strength=+0.05
[steering] warmth random_015 strength=+0.10
[steering] warmth random_016 strength=-0.10
[steering] warmth random_016 strength=-0.05
[steering] warmth random_016 strength=+0.05
[steering] warmth random_016 strength=+0.10
[steering] warmth random_017 strength=-0.10
[steering] warmth random_017 strength=-0.05
[steering] warmth random_017 strength=+0.05
[steering] warmth random_017 strength=+0.10
[steering] warmth random_018 strength=-0.10
[steering] warmth random_018 strength=-0.05
[steering] warmth random_018 strength=+0.05
[steering] warmth random_018 strength=+0.10
[steering] warmth random_019 strength=-0.10
[steering] warmth random_019 strength=-0.05
[steering] warmth random_019 strength=+0.05
[steering] warmth random_019 strength=+0.10
[steering] warmth random_020 strength=-0.10
[steering] warmth random_020 strength=-0.05
[steering] warmth random_020 strength=+0.05
[steering] warmth random_020 strength=+0.10
[steering] warmth random_021 strength=-0.10
[steering] warmth random_021 strength=-0.05
[steering] warmth random_021 strength=+0.05
[steering] warmth random_021 strength=+0.10
[steering] warmth random_022 strength=-0.10
[steering] warmth random_022 strength=-0.05
[steering] warmth random_022 strength=+0.05
[steering] warmth random_022 strength=+0.10
[steering] warmth random_023 strength=-0.10
[steering] warmth random_023 strength=-0.05
[steering] warmth random_023 strength=+0.05
[steering] warmth random_023 strength=+0.10
[steering] warmth random_024 strength=-0.10
[steering] warmth random_024 strength=-0.05
[steering] warmth random_024 strength=+0.05
[steering] warmth random_024 strength=+0.10
[steering] warmth random_025 strength=-0.10
[steering] warmth random_025 strength=-0.05
[steering] warmth random_025 strength=+0.05
[steering] warmth random_025 strength=+0.10
[steering] warmth random_026 strength=-0.10
[steering] warmth random_026 strength=-0.05
[steering] warmth random_026 strength=+0.05
[steering] warmth random_026 strength=+0.10
[steering] warmth random_027 strength=-0.10
[steering] warmth random_027 strength=-0.05
[steering] warmth random_027 strength=+0.05
[steering] warmth random_027 strength=+0.10
[steering] warmth random_028 strength=-0.10
[steering] warmth random_028 strength=-0.05
[steering] warmth random_028 strength=+0.05
[steering] warmth random_028 strength=+0.10
[steering] warmth random_029 strength=-0.10
[steering] warmth random_029 strength=-0.05
[steering] warmth random_029 strength=+0.05
[steering] warmth random_029 strength=+0.10
[steering] warmth random_030 strength=-0.10
[steering] warmth random_030 strength=-0.05
[steering] warmth random_030 strength=+0.05
[steering] warmth random_030 strength=+0.10
[steering] warmth random_031 strength=-0.10
[steering] warmth random_031 strength=-0.05
[steering] warmth random_031 strength=+0.05
[steering] warmth random_031 strength=+0.10
[steering] warmth random_032 strength=-0.10
[steering] warmth random_032 strength=-0.05
[steering] warmth random_032 strength=+0.05
[steering] warmth random_032 strength=+0.10
[steering] warmth random_033 strength=-0.10
[steering] warmth random_033 strength=-0.05
[steering] warmth random_033 strength=+0.05
[steering] warmth random_033 strength=+0.10
[steering] warmth random_034 strength=-0.10
[steering] warmth random_034 strength=-0.05
[steering] warmth random_034 strength=+0.05
[steering] warmth random_034 strength=+0.10
[steering] warmth random_035 strength=-0.10
[steering] warmth random_035 strength=-0.05
[steering] warmth random_035 strength=+0.05
[steering] warmth random_035 strength=+0.10
[steering] warmth random_036 strength=-0.10
[steering] warmth random_036 strength=-0.05
[steering] warmth random_036 strength=+0.05
[steering] warmth random_036 strength=+0.10
[steering] warmth random_037 strength=-0.10
[steering] warmth random_037 strength=-0.05
[steering] warmth random_037 strength=+0.05
[steering] warmth random_037 strength=+0.10
[steering] warmth random_038 strength=-0.10
[steering] warmth random_038 strength=-0.05
[steering] warmth random_038 strength=+0.05
[steering] warmth random_038 strength=+0.10
[steering] warmth random_039 strength=-0.10
[steering] warmth random_039 strength=-0.05
[steering] warmth random_039 strength=+0.05
[steering] warmth random_039 strength=+0.10
[steering] warmth random_040 strength=-0.10
[steering] warmth random_040 strength=-0.05
[steering] warmth random_040 strength=+0.05
[steering] warmth random_040 strength=+0.10
[steering] warmth random_041 strength=-0.10
[steering] warmth random_041 strength=-0.05
[steering] warmth random_041 strength=+0.05
[steering] warmth random_041 strength=+0.10
[steering] warmth random_042 strength=-0.10
[steering] warmth random_042 strength=-0.05
[steering] warmth random_042 strength=+0.05
[steering] warmth random_042 strength=+0.10
[steering] warmth random_043 strength=-0.10
[steering] warmth random_043 strength=-0.05
[steering] warmth random_043 strength=+0.05
[steering] warmth random_043 strength=+0.10
[steering] warmth random_044 strength=-0.10
[steering] warmth random_044 strength=-0.05
[steering] warmth random_044 strength=+0.05
[steering] warmth random_044 strength=+0.10
[steering] warmth random_045 strength=-0.10
[steering] warmth random_045 strength=-0.05
[steering] warmth random_045 strength=+0.05
[steering] warmth random_045 strength=+0.10
[steering] warmth random_046 strength=-0.10
[steering] warmth random_046 strength=-0.05
[steering] warmth random_046 strength=+0.05
[steering] warmth random_046 strength=+0.10
[steering] warmth random_047 strength=-0.10
[steering] warmth random_047 strength=-0.05
[steering] warmth random_047 strength=+0.05
[steering] warmth random_047 strength=+0.10
[steering] warmth random_048 strength=-0.10
[steering] warmth random_048 strength=-0.05
[steering] warmth random_048 strength=+0.05
[steering] warmth random_048 strength=+0.10
[steering] warmth random_049 strength=-0.10
[steering] warmth random_049 strength=-0.05
[steering] warmth random_049 strength=+0.05
[steering] warmth random_049 strength=+0.10
[baseline] competence 10/20
[baseline] competence 20/20
[steering] competence competence strength=-0.10
[steering] competence competence strength=-0.05
[steering] competence competence strength=+0.05
[steering] competence competence strength=+0.10
[steering] competence warmth strength=-0.10
[steering] competence warmth strength=-0.05
[steering] competence warmth strength=+0.05
[steering] competence warmth strength=+0.10
[steering] competence random_000 strength=-0.10
[steering] competence random_000 strength=-0.05
[steering] competence random_000 strength=+0.05
[steering] competence random_000 strength=+0.10
[steering] competence random_001 strength=-0.10
[steering] competence random_001 strength=-0.05
[steering] competence random_001 strength=+0.05
[steering] competence random_001 strength=+0.10
[steering] competence random_002 strength=-0.10
[steering] competence random_002 strength=-0.05
[steering] competence random_002 strength=+0.05
[steering] competence random_002 strength=+0.10
[steering] competence random_003 strength=-0.10
[steering] competence random_003 strength=-0.05
[steering] competence random_003 strength=+0.05
[steering] competence random_003 strength=+0.10
[steering] competence random_004 strength=-0.10
[steering] competence random_004 strength=-0.05
[steering] competence random_004 strength=+0.05
[steering] competence random_004 strength=+0.10
[steering] competence random_005 strength=-0.10
[steering] competence random_005 strength=-0.05
[steering] competence random_005 strength=+0.05
[steering] competence random_005 strength=+0.10
[steering] competence random_006 strength=-0.10
[steering] competence random_006 strength=-0.05
[steering] competence random_006 strength=+0.05
[steering] competence random_006 strength=+0.10
[steering] competence random_007 strength=-0.10
[steering] competence random_007 strength=-0.05
[steering] competence random_007 strength=+0.05
[steering] competence random_007 strength=+0.10
[steering] competence random_008 strength=-0.10
[steering] competence random_008 strength=-0.05
[steering] competence random_008 strength=+0.05
[steering] competence random_008 strength=+0.10
[steering] competence random_009 strength=-0.10
[steering] competence random_009 strength=-0.05
[steering] competence random_009 strength=+0.05
[steering] competence random_009 strength=+0.10
[steering] competence random_010 strength=-0.10
[steering] competence random_010 strength=-0.05
[steering] competence random_010 strength=+0.05
[steering] competence random_010 strength=+0.10
[steering] competence random_011 strength=-0.10
[steering] competence random_011 strength=-0.05
[steering] competence random_011 strength=+0.05
[steering] competence random_011 strength=+0.10
[steering] competence random_012 strength=-0.10
[steering] competence random_012 strength=-0.05
[steering] competence random_012 strength=+0.05
[steering] competence random_012 strength=+0.10
[steering] competence random_013 strength=-0.10
[steering] competence random_013 strength=-0.05
[steering] competence random_013 strength=+0.05
[steering] competence random_013 strength=+0.10
[steering] competence random_014 strength=-0.10
[steering] competence random_014 strength=-0.05
[steering] competence random_014 strength=+0.05
[steering] competence random_014 strength=+0.10
[steering] competence random_015 strength=-0.10
[steering] competence random_015 strength=-0.05
[steering] competence random_015 strength=+0.05
[steering] competence random_015 strength=+0.10
[steering] competence random_016 strength=-0.10
[steering] competence random_016 strength=-0.05
[steering] competence random_016 strength=+0.05
[steering] competence random_016 strength=+0.10
[steering] competence random_017 strength=-0.10
[steering] competence random_017 strength=-0.05
[steering] competence random_017 strength=+0.05
[steering] competence random_017 strength=+0.10
[steering] competence random_018 strength=-0.10
[steering] competence random_018 strength=-0.05
[steering] competence random_018 strength=+0.05
[steering] competence random_018 strength=+0.10
[steering] competence random_019 strength=-0.10
[steering] competence random_019 strength=-0.05
[steering] competence random_019 strength=+0.05
[steering] competence random_019 strength=+0.10
[steering] competence random_020 strength=-0.10
[steering] competence random_020 strength=-0.05
[steering] competence random_020 strength=+0.05
[steering] competence random_020 strength=+0.10
[steering] competence random_021 strength=-0.10
[steering] competence random_021 strength=-0.05
[steering] competence random_021 strength=+0.05
[steering] competence random_021 strength=+0.10
[steering] competence random_022 strength=-0.10
[steering] competence random_022 strength=-0.05
[steering] competence random_022 strength=+0.05
[steering] competence random_022 strength=+0.10
[steering] competence random_023 strength=-0.10
[steering] competence random_023 strength=-0.05
[steering] competence random_023 strength=+0.05
[steering] competence random_023 strength=+0.10
[steering] competence random_024 strength=-0.10
[steering] competence random_024 strength=-0.05
[steering] competence random_024 strength=+0.05
[steering] competence random_024 strength=+0.10
[steering] competence random_025 strength=-0.10
[steering] competence random_025 strength=-0.05
[steering] competence random_025 strength=+0.05
[steering] competence random_025 strength=+0.10
[steering] competence random_026 strength=-0.10
[steering] competence random_026 strength=-0.05
[steering] competence random_026 strength=+0.05
[steering] competence random_026 strength=+0.10
[steering] competence random_027 strength=-0.10
[steering] competence random_027 strength=-0.05
[steering] competence random_027 strength=+0.05
[steering] competence random_027 strength=+0.10
[steering] competence random_028 strength=-0.10
[steering] competence random_028 strength=-0.05
[steering] competence random_028 strength=+0.05
[steering] competence random_028 strength=+0.10
[steering] competence random_029 strength=-0.10
[steering] competence random_029 strength=-0.05
[steering] competence random_029 strength=+0.05
[steering] competence random_029 strength=+0.10
[steering] competence random_030 strength=-0.10
[steering] competence random_030 strength=-0.05
[steering] competence random_030 strength=+0.05
[steering] competence random_030 strength=+0.10
[steering] competence random_031 strength=-0.10
[steering] competence random_031 strength=-0.05
[steering] competence random_031 strength=+0.05
[steering] competence random_031 strength=+0.10
[steering] competence random_032 strength=-0.10
[steering] competence random_032 strength=-0.05
[steering] competence random_032 strength=+0.05
[steering] competence random_032 strength=+0.10
[steering] competence random_033 strength=-0.10
[steering] competence random_033 strength=-0.05
[steering] competence random_033 strength=+0.05
[steering] competence random_033 strength=+0.10
[steering] competence random_034 strength=-0.10
[steering] competence random_034 strength=-0.05
[steering] competence random_034 strength=+0.05
[steering] competence random_034 strength=+0.10
[steering] competence random_035 strength=-0.10
[steering] competence random_035 strength=-0.05
[steering] competence random_035 strength=+0.05
[steering] competence random_035 strength=+0.10
[steering] competence random_036 strength=-0.10
[steering] competence random_036 strength=-0.05
[steering] competence random_036 strength=+0.05
[steering] competence random_036 strength=+0.10
[steering] competence random_037 strength=-0.10
[steering] competence random_037 strength=-0.05
[steering] competence random_037 strength=+0.05
[steering] competence random_037 strength=+0.10
[steering] competence random_038 strength=-0.10
[steering] competence random_038 strength=-0.05
[steering] competence random_038 strength=+0.05
[steering] competence random_038 strength=+0.10
[steering] competence random_039 strength=-0.10
[steering] competence random_039 strength=-0.05
[steering] competence random_039 strength=+0.05
[steering] competence random_039 strength=+0.10
[steering] competence random_040 strength=-0.10
[steering] competence random_040 strength=-0.05
[steering] competence random_040 strength=+0.05
[steering] competence random_040 strength=+0.10
[steering] competence random_041 strength=-0.10
[steering] competence random_041 strength=-0.05
[steering] competence random_041 strength=+0.05
[steering] competence random_041 strength=+0.10
[steering] competence random_042 strength=-0.10
[steering] competence random_042 strength=-0.05
[steering] competence random_042 strength=+0.05
[steering] competence random_042 strength=+0.10
[steering] competence random_043 strength=-0.10
[steering] competence random_043 strength=-0.05
[steering] competence random_043 strength=+0.05
[steering] competence random_043 strength=+0.10
[steering] competence random_044 strength=-0.10
[steering] competence random_044 strength=-0.05
[steering] competence random_044 strength=+0.05
[steering] competence random_044 strength=+0.10
[steering] competence random_045 strength=-0.10
[steering] competence random_045 strength=-0.05
[steering] competence random_045 strength=+0.05
[steering] competence random_045 strength=+0.10
[steering] competence random_046 strength=-0.10
[steering] competence random_046 strength=-0.05
[steering] competence random_046 strength=+0.05
[steering] competence random_046 strength=+0.10
[steering] competence random_047 strength=-0.10
[steering] competence random_047 strength=-0.05
[steering] competence random_047 strength=+0.05
[steering] competence random_047 strength=+0.10
[steering] competence random_048 strength=-0.10
[steering] competence random_048 strength=-0.05
[steering] competence random_048 strength=+0.05
[steering] competence random_048 strength=+0.10
[steering] competence random_049 strength=-0.10
[steering] competence random_049 strength=-0.05
[steering] competence random_049 strength=+0.05
[steering] competence random_049 strength=+0.10
[done] results/tables/steering_dense_raw_gemma4_31b_raw.csv
[done] results/tables/steering_dense_gemma4_31b_raw.csv
[done] results/tables/steering_dense_null_gemma4_31b_raw.csv
[done] results/logs/steering_dense_gemma4_31b_raw.json
[validated] dense_raw: 4 outputs complete
[success] run=dense_raw -> /work/emrecan.ulu/gemma4_remaining/20260718T141249Z_31b_dense_raw/31b_dense_raw.success
