--- Grid Engine ---
Reserving GPUs @ scc192 ..
Number of requested GPUS: 1
GPU 0: NVIDIA L40 (UUID: GPU-58427703-bce4-32fd-4b8a-f00823f1d59c)
GPU 1: NVIDIA L40 (UUID: GPU-41e5380b-23f0-e6b0-6d0a-a44254ec8642)
GPU 2: NVIDIA L40 (UUID: GPU-aa56efa3-44bb-3542-e797-a0b90a3d3978)
GPU 3: NVIDIA L40 (UUID: GPU-52b7f36d-6004-78d2-75d7-91fd517911ae)
Set SGE_GPU = 1
Set CUDA_VISIBLE_DEVICES = 1
--- Grid Engine ---
[runtime] gpu='NVIDIA L40' free=44.00 GiB total=44.42 GiB
[validated] hiring_broad: 4 outputs absent
[meta] model=google/gemma-4-12B-it  layer=31  hook=blocks.31.hook_resid_post  mean_resid_norm=97.8
[names] 60 / 282 rated names selected
[model] loading google/gemma-4-12B-it …
[tokens] Yes=10784  No=3771  (continuation check passed)
[baseline] 20/60
[baseline] 40/60
[baseline] 60/60
[steering] warmth strength=-0.50 done
[steering] warmth strength=-0.25 done
[steering] warmth strength=+0.00 done
[steering] warmth strength=+0.25 done
[steering] warmth strength=+0.50 done
[steering] competence strength=-0.50 done
[steering] competence strength=-0.25 done
[steering] competence strength=+0.00 done
[steering] competence strength=+0.25 done
[steering] competence strength=+0.50 done
[done] results/tables/hiring_steering_raw_gemma4_12b_broad.csv  (600 rows)
[done] results/logs/hiring_steering_gemma4_12b_broad.json
[done] results/tables/hiring_steering_gemma4_12b_broad.csv
[done] results/logs/hiring_steering_summary_gemma4_12b_broad.json
[validated] hiring_broad: 4 outputs complete
[success] run=hiring_broad -> /work/emrecan.ulu/gemma4_remaining/20260718T141249Z_12b_hiring_broad/12b_hiring_broad.success
